<?xml version="1.0" encoding="UTF-8"?>
<!-- Generated by org.testng.reporters.JUnitXMLReporter -->
<testsuite hostname="DESKTOP-CT2HVE6" ignored="0" name="FlipboardLoginTest" tests="3" failures="0" timestamp="2023-02-19T23:31:24 BDT" time="41.389" errors="0">
  <testcase name="validateGetStartedScreen" time="10.294" classname="com.sohel.mobile.automation.testcases.FlipboardLoginTest"/>
  <testcase name="validateChooseTopicsScreen" time="6.216" classname="com.sohel.mobile.automation.testcases.FlipboardLoginTest"/>
  <testcase name="validateSkipLogin" time="10.497" classname="com.sohel.mobile.automation.testcases.FlipboardLoginTest"/>
</testsuite> <!-- FlipboardLoginTest -->
