<?xml version="1.0" encoding="UTF-8"?>
<testsuite xmlns:xsi="http://www.w3.org/2001/XMLSchema-instance" xsi:noNamespaceSchemaLocation="https://maven.apache.org/surefire/maven-surefire-plugin/xsd/surefire-test-report-3.0.xsd" version="3.0" name="TestSuite" time="41.987" tests="3" errors="0" skipped="0" failures="0">
  <properties>
[...]
</properties>
  <testcase name="validateGetStartedScreen" classname="com.sohel.mobile.automation.testcases.FlipboardLoginTest" time="10.295">
    <system-out><![CDATA[(node:11608) [DEP0128] DeprecationWarning: Invalid 'main' field in 'C:\Program Files\Appium\resources\app\node_modules\appium\node_modules\mjpeg-server\package.json' of './lib/mpegserver'. Please either fix that or report it to the module author
(Use `node --trace-deprecation ...` to show where the warning was created)
&amp#27;[35m[Appium]&amp#27;[39m Welcome to Appium v1.19.1
&amp#27;[35m[Appium]&amp#27;[39m Non-default server args:
&amp#27;[35m[Appium]&amp#27;[39m   logFile: D:\Courses\Appium\Flipboard-Automation-Testing\src\test\resources\log4j.properties
&amp#27;[35m[Appium]&amp#27;[39m   localTimezone: true
&amp#27;[35m[Appium]&amp#27;[39m Appium REST http interface listener started on 0.0.0.0:4723
&amp#27;[35m[HTTP]&amp#27;[39m &amp#27;[37m-->&amp#27;[39m &amp#27;[37mGET&amp#27;[39m &amp#27;[37m/wd/hub/status&amp#27;[39m
&amp#27;[35m[HTTP]&amp#27;[39m &amp#27;[90m{}&amp#27;[39m
[debug] &amp#27;[35m[GENERIC]&amp#27;[39m Calling AppiumDriver.getStatus() with args: []
[debug] &amp#27;[35m[GENERIC]&amp#27;[39m Responding to client with driver.getStatus() result: {"build":{"version":"1.19.1"}}
&amp#27;[35m[HTTP]&amp#27;[39m &amp#27;[37m<-- GET /wd/hub/status &amp#27;[39m&amp#27;[32m200&amp#27;[39m &amp#27;[90m6 ms - 68&amp#27;[39m
&amp#27;[35m[HTTP]&amp#27;[39m &amp#27;[90m&amp#27;[39m
&amp#27;[35m[HTTP]&amp#27;[39m &amp#27;[37m-->&amp#27;[39m &amp#27;[37mPOST&amp#27;[39m &amp#27;[37m/wd/hub/session&amp#27;[39m
&amp#27;[35m[HTTP]&amp#27;[39m &amp#27;[90m{"desiredCapabilities":{"appActivity":"flipboard.activities.LaunchActivityAlias","appPackage":"flipboard.app","platformName":"Android","platformVersion":"12.0"},"capabilities":{"firstMatch":[{"appium:appActivity":"flipboard.activities.LaunchActivityAlias","appium:appPackage":"flipboard.app","platformName":"android","appium:platformVersion":"12.0"}]}}&amp#27;[39m
[debug] &amp#27;[35m[W3C]&amp#27;[39m Calling AppiumDriver.createSession() with args: [{"appActivity":"flipboard.activities.LaunchActivityAlias","appPackage":"flipboard.app","platformName":"Android","platformVersion":"12.0"},null,{"firstMatch":[{"appium:appActivity":"flipboard.activities.LaunchActivityAlias","appium:appPackage":"flipboard.app","platformName":"android","appium:platformVersion":"12.0"}]}]
[debug] &amp#27;[35m[BaseDriver]&amp#27;[39m Event 'newSessionRequested' logged at 1676827844607 (23:30:44 GMT+0600 (Bangladesh Standard Time))
&amp#27;[35m[Appium]&amp#27;[39m 
&amp#27;[35m[Appium]&amp#27;[39m ======================================================================
&amp#27;[35m[Appium]&amp#27;[39m   DEPRECATION WARNING:
&amp#27;[35m[Appium]&amp#27;[39m 
&amp#27;[35m[Appium]&amp#27;[39m   The 'automationName' capability was not provided in the desired 
&amp#27;[35m[Appium]&amp#27;[39m   capabilities for this Android session
&amp#27;[35m[Appium]&amp#27;[39m 
&amp#27;[35m[Appium]&amp#27;[39m   Setting 'automationName=UiAutomator2' by default and using the 
&amp#27;[35m[Appium]&amp#27;[39m   UiAutomator2 Driver
&amp#27;[35m[Appium]&amp#27;[39m 
&amp#27;[35m[Appium]&amp#27;[39m   The next major version of Appium (2.x) will **require** the 
&amp#27;[35m[Appium]&amp#27;[39m   'automationName' capability to be set for all sessions on all 
&amp#27;[35m[Appium]&amp#27;[39m   platforms
&amp#27;[35m[Appium]&amp#27;[39m 
&amp#27;[35m[Appium]&amp#27;[39m   In previous versions (Appium <= 1.13.x), the default was 
&amp#27;[35m[Appium]&amp#27;[39m   'automationName=UiAutomator1'
&amp#27;[35m[Appium]&amp#27;[39m 
&amp#27;[35m[Appium]&amp#27;[39m   If you wish to use that automation instead of UiAutomator2, please 
&amp#27;[35m[Appium]&amp#27;[39m   add 'automationName=UiAutomator1' to your desired capabilities
&amp#27;[35m[Appium]&amp#27;[39m 
&amp#27;[35m[Appium]&amp#27;[39m   For more information about drivers, please visit 
&amp#27;[35m[Appium]&amp#27;[39m   http://appium.io/docs/en/about-appium/intro/ and explore the 
&amp#27;[35m[Appium]&amp#27;[39m   'Drivers' menu
&amp#27;[35m[Appium]&amp#27;[39m 
&amp#27;[35m[Appium]&amp#27;[39m ======================================================================
&amp#27;[35m[Appium]&amp#27;[39m 
&amp#27;[35m[Appium]&amp#27;[39m Appium v1.19.1 creating new AndroidUiautomator2Driver (v1.59.0) session
[debug] &amp#27;[35m[BaseDriver]&amp#27;[39m W3C capabilities and MJSONWP desired capabilities were provided
[debug] &amp#27;[35m[BaseDriver]&amp#27;[39m Creating session with W3C capabilities: {
[debug] &amp#27;[35m[BaseDriver]&amp#27;[39m   "alwaysMatch": {
[debug] &amp#27;[35m[BaseDriver]&amp#27;[39m     "platformName": "android",
[debug] &amp#27;[35m[BaseDriver]&amp#27;[39m     "appium:appActivity": "flipboard.activities.LaunchActivityAlias",
[debug] &amp#27;[35m[BaseDriver]&amp#27;[39m     "appium:appPackage": "flipboard.app",
[debug] &amp#27;[35m[BaseDriver]&amp#27;[39m     "appium:platformVersion": "12.0"
[debug] &amp#27;[35m[BaseDriver]&amp#27;[39m   },
[debug] &amp#27;[35m[BaseDriver]&amp#27;[39m   "firstMatch": [
[debug] &amp#27;[35m[BaseDriver]&amp#27;[39m     {}
[debug] &amp#27;[35m[BaseDriver]&amp#27;[39m   ]
[debug] &amp#27;[35m[BaseDriver]&amp#27;[39m }
&amp#27;[35m[BaseDriver]&amp#27;[39m Session created with session id: 70648082-a0af-45ff-8f93-34ca43503e72
&amp#27;[35m[UiAutomator2]&amp#27;[39m Starting 'flipboard.app' directly on the device
&amp#27;[35m[ADB]&amp#27;[39m Found 60 'build-tools' folders under 'C:\Users\USER\AppData\Local\Android\Sdk' (newest first):
&amp#27;[35m[ADB]&amp#27;[39m     C:/Users/USER/AppData/Local/Android/Sdk/build-tools/33.0.1
&amp#27;[35m[ADB]&amp#27;[39m     C:/Users/USER/AppData/Local/Android/Sdk/build-tools/33.0.0
&amp#27;[35m[ADB]&amp#27;[39m     C:/Users/USER/AppData/Local/Android/Sdk/build-tools/32.1.0-rc1
&amp#27;[35m[ADB]&amp#27;[39m     C:/Users/USER/AppData/Local/Android/Sdk/build-tools/32.0.0
&amp#27;[35m[ADB]&amp#27;[39m     C:/Users/USER/AppData/Local/Android/Sdk/build-tools/31.0.0
&amp#27;[35m[ADB]&amp#27;[39m     C:/Users/USER/AppData/Local/Android/Sdk/build-tools/30.0.3
&amp#27;[35m[ADB]&amp#27;[39m     C:/Users/USER/AppData/Local/Android/Sdk/build-tools/30.0.2
&amp#27;[35m[ADB]&amp#27;[39m     C:/Users/USER/AppData/Local/Android/Sdk/build-tools/30.0.1
&amp#27;[35m[ADB]&amp#27;[39m     C:/Users/USER/AppData/Local/Android/Sdk/build-tools/30.0.0
&amp#27;[35m[ADB]&amp#27;[39m     C:/Users/USER/AppData/Local/Android/Sdk/build-tools/29.0.3
&amp#27;[35m[ADB]&amp#27;[39m     C:/Users/USER/AppData/Local/Android/Sdk/build-tools/29.0.2
&amp#27;[35m[ADB]&amp#27;[39m     C:/Users/USER/AppData/Local/Android/Sdk/build-tools/29.0.1
&amp#27;[35m[ADB]&amp#27;[39m     C:/Users/USER/AppData/Local/Android/Sdk/build-tools/29.0.0
&amp#27;[35m[ADB]&amp#27;[39m     C:/Users/USER/AppData/Local/Android/Sdk/build-tools/29.0.0-rc3
&amp#27;[35m[ADB]&amp#27;[39m     C:/Users/USER/AppData/Local/Android/Sdk/build-tools/29.0.0-rc2
&amp#27;[35m[ADB]&amp#27;[39m     C:/Users/USER/AppData/Local/Android/Sdk/build-tools/29.0.0-rc1
&amp#27;[35m[ADB]&amp#27;[39m     C:/Users/USER/AppData/Local/Android/Sdk/build-tools/28.0.3
&amp#27;[35m[ADB]&amp#27;[39m     C:/Users/USER/AppData/Local/Android/Sdk/build-tools/28.0.2
&amp#27;[35m[ADB]&amp#27;[39m     C:/Users/USER/AppData/Local/Android/Sdk/build-tools/28.0.1
&amp#27;[35m[ADB]&amp#27;[39m     C:/Users/USER/AppData/Local/Android/Sdk/build-tools/28.0.0
&amp#27;[35m[ADB]&amp#27;[39m     C:/Users/USER/AppData/Local/Android/Sdk/build-tools/28.0.0-rc2
&amp#27;[35m[ADB]&amp#27;[39m     C:/Users/USER/AppData/Local/Android/Sdk/build-tools/28.0.0-rc1
&amp#27;[35m[ADB]&amp#27;[39m     C:/Users/USER/AppData/Local/Android/Sdk/build-tools/27.0.3
&amp#27;[35m[ADB]&amp#27;[39m     C:/Users/USER/AppData/Local/Android/Sdk/build-tools/27.0.2
&amp#27;[35m[ADB]&amp#27;[39m     C:/Users/USER/AppData/Local/Android/Sdk/build-tools/27.0.1
&amp#27;[35m[ADB]&amp#27;[39m     C:/Users/USER/AppData/Local/Android/Sdk/build-tools/27.0.0
&amp#27;[35m[ADB]&amp#27;[39m     C:/Users/USER/AppData/Local/Android/Sdk/build-tools/26.0.3
&amp#27;[35m[ADB]&amp#27;[39m     C:/Users/USER/AppData/Local/Android/Sdk/build-tools/26.0.2
&amp#27;[35m[ADB]&amp#27;[39m     C:/Users/USER/AppData/Local/Android/Sdk/build-tools/26.0.1
&amp#27;[35m[ADB]&amp#27;[39m     C:/Users/USER/AppData/Local/Android/Sdk/build-tools/26.0.0
&amp#27;[35m[ADB]&amp#27;[39m     C:/Users/USER/AppData/Local/Android/Sdk/build-tools/25.0.3
&amp#27;[35m[ADB]&amp#27;[39m     C:/Users/USER/AppData/Local/Android/Sdk/build-tools/25.0.2
&amp#27;[35m[ADB]&amp#27;[39m     C:/Users/USER/AppData/Local/Android/Sdk/build-tools/25.0.1
&amp#27;[35m[ADB]&amp#27;[39m     C:/Users/USER/AppData/Local/Android/Sdk/build-tools/25.0.0
&amp#27;[35m[ADB]&amp#27;[39m     C:/Users/USER/AppData/Local/Android/Sdk/build-tools/24.0.3
&amp#27;[35m[ADB]&amp#27;[39m     C:/Users/USER/AppData/Local/Android/Sdk/build-tools/24.0.2
&amp#27;[35m[ADB]&amp#27;[39m     C:/Users/USER/AppData/Local/Android/Sdk/build-tools/24.0.1
&amp#27;[35m[ADB]&amp#27;[39m     C:/Users/USER/AppData/Local/Android/Sdk/build-tools/24.0.0
&amp#27;[35m[ADB]&amp#27;[39m     C:/Users/USER/AppData/Local/Android/Sdk/build-tools/23.0.3
&amp#27;[35m[ADB]&amp#27;[39m     C:/Users/USER/AppData/Local/Android/Sdk/build-tools/23.0.2
&amp#27;[35m[ADB]&amp#27;[39m     C:/Users/USER/AppData/Local/Android/Sdk/build-tools/23.0.1
&amp#27;[35m[ADB]&amp#27;[39m     C:/Users/USER/AppData/Local/Android/Sdk/build-tools/23.0.0
&amp#27;[35m[ADB]&amp#27;[39m     C:/Users/USER/AppData/Local/Android/Sdk/build-tools/22.0.1
&amp#27;[35m[ADB]&amp#27;[39m     C:/Users/USER/AppData/Local/Android/Sdk/build-tools/22.0.0
&amp#27;[35m[ADB]&amp#27;[39m     C:/Users/USER/AppData/Local/Android/Sdk/build-tools/21.1.2
&amp#27;[35m[ADB]&amp#27;[39m     C:/Users/USER/AppData/Local/Android/Sdk/build-tools/21.1.1
&amp#27;[35m[ADB]&amp#27;[39m     C:/Users/USER/AppData/Local/Android/Sdk/build-tools/21.1.0
&amp#27;[35m[ADB]&amp#27;[39m     C:/Users/USER/AppData/Local/Android/Sdk/build-tools/21.0.2
&amp#27;[35m[ADB]&amp#27;[39m     C:/Users/USER/AppData/Local/Android/Sdk/build-tools/21.0.1
&amp#27;[35m[ADB]&amp#27;[39m     C:/Users/USER/AppData/Local/Android/Sdk/build-tools/21.0.0
&amp#27;[35m[ADB]&amp#27;[39m     C:/Users/USER/AppData/Local/Android/Sdk/build-tools/20.0.0
&amp#27;[35m[ADB]&amp#27;[39m     C:/Users/USER/AppData/Local/Android/Sdk/build-tools/19.1.0
&amp#27;[35m[ADB]&amp#27;[39m     C:/Users/USER/AppData/Local/Android/Sdk/build-tools/19.0.3
&amp#27;[35m[ADB]&amp#27;[39m     C:/Users/USER/AppData/Local/Android/Sdk/build-tools/19.0.2
&amp#27;[35m[ADB]&amp#27;[39m     C:/Users/USER/AppData/Local/Android/Sdk/build-tools/19.0.1
&amp#27;[35m[ADB]&amp#27;[39m     C:/Users/USER/AppData/Local/Android/Sdk/build-tools/19.0.0
&amp#27;[35m[ADB]&amp#27;[39m     C:/Users/USER/AppData/Local/Android/Sdk/build-tools/18.1.1
&amp#27;[35m[ADB]&amp#27;[39m     C:/Users/USER/AppData/Local/Android/Sdk/build-tools/18.1.0
&amp#27;[35m[ADB]&amp#27;[39m     C:/Users/USER/AppData/Local/Android/Sdk/build-tools/18.0.1
&amp#27;[35m[ADB]&amp#27;[39m     C:/Users/USER/AppData/Local/Android/Sdk/build-tools/17.0.0
&amp#27;[35m[ADB]&amp#27;[39m Using 'adb.exe' from 'C:\Users\USER\AppData\Local\Android\Sdk\platform-tools\adb.exe'
[debug] &amp#27;[35m[ADB]&amp#27;[39m Running 'C:\Users\USER\AppData\Local\Android\Sdk\platform-tools\adb.exe -P 5037 start-server'
&amp#27;[35m[AndroidDriver]&amp#27;[39m Retrieving device list
[debug] &amp#27;[35m[ADB]&amp#27;[39m Trying to find a connected android device
[debug] &amp#27;[35m[ADB]&amp#27;[39m Getting connected devices
[debug] &amp#27;[35m[ADB]&amp#27;[39m Connected devices: [{"udid":"emulator-5554","state":"device"}]
&amp#27;[35m[AndroidDriver]&amp#27;[39m Looking for a device with Android '12.0.0'
[debug] &amp#27;[35m[ADB]&amp#27;[39m Setting device id to emulator-5554
&amp#27;[35m[ADB]&amp#27;[39m Getting device platform version
[debug] &amp#27;[35m[ADB]&amp#27;[39m Running 'C:\Users\USER\AppData\Local\Android\Sdk\platform-tools\adb.exe -P 5037 -s emulator-5554 shell getprop ro.build.version.release'
[debug] &amp#27;[35m[ADB]&amp#27;[39m Current device property 'ro.build.version.release': 12
&amp#27;[35m[AndroidDriver]&amp#27;[39m Using device: emulator-5554
&amp#27;[35m[ADB]&amp#27;[39m Using 'adb.exe' from 'C:\Users\USER\AppData\Local\Android\Sdk\platform-tools\adb.exe'
[debug] &amp#27;[35m[ADB]&amp#27;[39m Running 'C:\Users\USER\AppData\Local\Android\Sdk\platform-tools\adb.exe -P 5037 start-server'
[debug] &amp#27;[35m[ADB]&amp#27;[39m Setting device id to emulator-5554
[debug] &amp#27;[35m[ADB]&amp#27;[39m Running 'C:\Users\USER\AppData\Local\Android\Sdk\platform-tools\adb.exe -P 5037 -s emulator-5554 shell getprop ro.build.version.sdk'
[debug] &amp#27;[35m[ADB]&amp#27;[39m Current device property 'ro.build.version.sdk': 32
&amp#27;[35m[ADB]&amp#27;[39m Getting device platform version
[debug] &amp#27;[35m[ADB]&amp#27;[39m Running 'C:\Users\USER\AppData\Local\Android\Sdk\platform-tools\adb.exe -P 5037 -s emulator-5554 shell getprop ro.build.version.release'
[debug] &amp#27;[35m[ADB]&amp#27;[39m Current device property 'ro.build.version.release': 12
[debug] &amp#27;[35m[ADB]&amp#27;[39m Device API level: 32
&amp#27;[35m[UiAutomator2]&amp#27;[39m Relaxing hidden api policy
[debug] &amp#27;[35m[ADB]&amp#27;[39m Running 'C:\Users\USER\AppData\Local\Android\Sdk\platform-tools\adb.exe -P 5037 -s emulator-5554 shell 'settings put global hidden_api_policy_pre_p_apps 1;settings put global hidden_api_policy_p_apps 1;settings put global hidden_api_policy 1''
&amp#27;[35m[AndroidDriver]&amp#27;[39m No app sent in, not parsing package/activity
[debug] &amp#27;[35m[ADB]&amp#27;[39m Running 'C:\Users\USER\AppData\Local\Android\Sdk\platform-tools\adb.exe -P 5037 -s emulator-5554 wait-for-device'
[debug] &amp#27;[35m[ADB]&amp#27;[39m Running 'C:\Users\USER\AppData\Local\Android\Sdk\platform-tools\adb.exe -P 5037 -s emulator-5554 shell echo ping'
[debug] &amp#27;[35m[AndroidDriver]&amp#27;[39m Pushing settings apk to device...
[debug] &amp#27;[35m[ADB]&amp#27;[39m Getting install status for io.appium.settings
[debug] &amp#27;[35m[ADB]&amp#27;[39m Running 'C:\Users\USER\AppData\Local\Android\Sdk\platform-tools\adb.exe -P 5037 -s emulator-5554 shell dumpsys package io.appium.settings'
[debug] &amp#27;[35m[ADB]&amp#27;[39m 'io.appium.settings' is installed
[debug] &amp#27;[35m[ADB]&amp#27;[39m Getting package info for 'io.appium.settings'
[debug] &amp#27;[35m[ADB]&amp#27;[39m Running 'C:\Users\USER\AppData\Local\Android\Sdk\platform-tools\adb.exe -P 5037 -s emulator-5554 shell dumpsys package io.appium.settings'
[debug] &amp#27;[35m[ADB]&amp#27;[39m The version name of the installed 'io.appium.settings' is greater or equal to the application version name ('3.2.1' >= '3.2.1')
[debug] &amp#27;[35m[ADB]&amp#27;[39m There is no need to install/upgrade 'C:\Program Files\Appium\resources\app\node_modules\appium\node_modules\io.appium.settings\apks\settings_apk-debug.apk'
[debug] &amp#27;[35m[ADB]&amp#27;[39m Getting IDs of all 'io.appium.settings' processes
[debug] &amp#27;[35m[ADB]&amp#27;[39m Running 'C:\Users\USER\AppData\Local\Android\Sdk\platform-tools\adb.exe -P 5037 -s emulator-5554 shell 'pgrep --help; echo $?''
[debug] &amp#27;[35m[ADB]&amp#27;[39m Running 'C:\Users\USER\AppData\Local\Android\Sdk\platform-tools\adb.exe -P 5037 -s emulator-5554 shell pgrep -f \(\[\[:blank:\]\]\|\^\)io\.appium\.settings\(\[\[:blank:\]\]\|\$\)'
[debug] &amp#27;[35m[AndroidDriver]&amp#27;[39m io.appium.settings is already running. There is no need to reset its permissions.
[debug] &amp#27;[35m[Logcat]&amp#27;[39m Starting logs capture with command: C:\\Users\\USER\\AppData\\Local\\Android\\Sdk\\platform-tools\\adb.exe -P 5037 -s emulator-5554 logcat -v threadtime
[debug] &amp#27;[35m[UiAutomator2]&amp#27;[39m Forwarding UiAutomator2 Server port 6790 to local port 8200
[debug] &amp#27;[35m[ADB]&amp#27;[39m Forwarding system: 8200 to device: 6790
[debug] &amp#27;[35m[ADB]&amp#27;[39m Running 'C:\Users\USER\AppData\Local\Android\Sdk\platform-tools\adb.exe -P 5037 -s emulator-5554 forward tcp:8200 tcp:6790'
&amp#27;[35m[UiAutomator2]&amp#27;[39m Server package at 'C:\Program Files\Appium\resources\app\node_modules\appium\node_modules\appium-uiautomator2-server\apks\appium-uiautomator2-server-v4.15.0.apk' is not writeable. Will copy it into the temporary location at 'C:\Users\USER\AppData\Local\Temp\2023119-11608-1mlh6m2.zy2o' as a workaround. Consider making this file writeable manually in order to improve the performance of session startup.
&amp#27;[35m[UiAutomator2]&amp#27;[39m Server package at 'C:\Program Files\Appium\resources\app\node_modules\appium\node_modules\appium-uiautomator2-server\apks\appium-uiautomator2-server-debug-androidTest.apk' is not writeable. Will copy it into the temporary location at 'C:\Users\USER\AppData\Local\Temp\2023119-11608-1mlh6m2.zy2o' as a workaround. Consider making this file writeable manually in order to improve the performance of session startup.
[debug] &amp#27;[35m[ADB]&amp#27;[39m Getting install status for io.appium.uiautomator2.server
[debug] &amp#27;[35m[ADB]&amp#27;[39m Running 'C:\Users\USER\AppData\Local\Android\Sdk\platform-tools\adb.exe -P 5037 -s emulator-5554 shell dumpsys package io.appium.uiautomator2.server'
[debug] &amp#27;[35m[ADB]&amp#27;[39m 'io.appium.uiautomator2.server' is installed
[debug] &amp#27;[35m[ADB]&amp#27;[39m Getting package info for 'io.appium.uiautomator2.server'
[debug] &amp#27;[35m[ADB]&amp#27;[39m Running 'C:\Users\USER\AppData\Local\Android\Sdk\platform-tools\adb.exe -P 5037 -s emulator-5554 shell dumpsys package io.appium.uiautomator2.server'
[debug] &amp#27;[35m[ADB]&amp#27;[39m The version name of the installed 'io.appium.uiautomator2.server' is greater or equal to the application version name ('4.15.0' >= '4.15.0')
[debug] &amp#27;[35m[UiAutomator2]&amp#27;[39m io.appium.uiautomator2.server installation state: sameVersionInstalled
[debug] &amp#27;[35m[ADB]&amp#27;[39m Checking app cert for C:\Users\USER\AppData\Local\Temp\2023119-11608-1mlh6m2.zy2o\appium-uiautomator2-server-v4.15.0.apk
&amp#27;[35m[ADB]&amp#27;[39m Using 'apksigner.jar' from 'C:\Users\USER\AppData\Local\Android\Sdk\build-tools\33.0.1\lib\apksigner.jar'
[debug] &amp#27;[35m[ADB]&amp#27;[39m Starting apksigner: 'C:\\Program Files\\Java\\jdk1.8.0_202\\bin\\java.exe' -Xmx1024M -Xss1m -jar C:\\Users\\USER\\AppData\\Local\\Android\\Sdk\\build-tools\\33.0.1\\lib\\apksigner.jar verify --print-certs C:\\Users\\USER\\AppData\\Local\\Temp\\2023119-11608-1mlh6m2.zy2o\\appium-uiautomator2-server-v4.15.0.apk
[debug] &amp#27;[35m[ADB]&amp#27;[39m apksigner stdout: Signer #1 certificate DN: EMAILADDRESS=android@android.com, CN=Android, OU=Android, O=Android, L=Mountain View, ST=California, C=US
[debug] &amp#27;[35m[ADB]&amp#27;[39m Signer #1 certificate SHA-256 digest: a40da80a59d170caa950cf15c18c454d47a39b26989d8b640ecd745ba71bf5dc
[debug] &amp#27;[35m[ADB]&amp#27;[39m Signer #1 certificate SHA-1 digest: 61ed377e85d386a8dfee6b864bd85b0bfaa5af81
[debug] &amp#27;[35m[ADB]&amp#27;[39m Signer #1 certificate MD5 digest: e89b158e4bcf988ebd09eb83f5378e87
[debug] &amp#27;[35m[ADB]&amp#27;[39m 
[debug] &amp#27;[35m[ADB]&amp#27;[39m sha256 hash did match for 'appium-uiautomator2-server-v4.15.0.apk'
&amp#27;[35m[ADB]&amp#27;[39m 'C:\Users\USER\AppData\Local\Temp\2023119-11608-1mlh6m2.zy2o\appium-uiautomator2-server-v4.15.0.apk' is signed with the default certificate
[debug] &amp#27;[35m[ADB]&amp#27;[39m Getting install status for io.appium.uiautomator2.server.test
[debug] &amp#27;[35m[ADB]&amp#27;[39m Running 'C:\Users\USER\AppData\Local\Android\Sdk\platform-tools\adb.exe -P 5037 -s emulator-5554 shell dumpsys package io.appium.uiautomator2.server.test'
[debug] &amp#27;[35m[ADB]&amp#27;[39m 'io.appium.uiautomator2.server.test' is installed
[debug] &amp#27;[35m[ADB]&amp#27;[39m Checking app cert for C:\Users\USER\AppData\Local\Temp\2023119-11608-1mlh6m2.zy2o\appium-uiautomator2-server-debug-androidTest.apk
[debug] &amp#27;[35m[ADB]&amp#27;[39m Starting apksigner: 'C:\\Program Files\\Java\\jdk1.8.0_202\\bin\\java.exe' -Xmx1024M -Xss1m -jar C:\\Users\\USER\\AppData\\Local\\Android\\Sdk\\build-tools\\33.0.1\\lib\\apksigner.jar verify --print-certs C:\\Users\\USER\\AppData\\Local\\Temp\\2023119-11608-1mlh6m2.zy2o\\appium-uiautomator2-server-debug-androidTest.apk
[debug] &amp#27;[35m[ADB]&amp#27;[39m apksigner stdout: Signer #1 certificate DN: EMAILADDRESS=android@android.com, CN=Android, OU=Android, O=Android, L=Mountain View, ST=California, C=US
[debug] &amp#27;[35m[ADB]&amp#27;[39m Signer #1 certificate SHA-256 digest: a40da80a59d170caa950cf15c18c454d47a39b26989d8b640ecd745ba71bf5dc
[debug] &amp#27;[35m[ADB]&amp#27;[39m Signer #1 certificate SHA-1 digest: 61ed377e85d386a8dfee6b864bd85b0bfaa5af81
[debug] &amp#27;[35m[ADB]&amp#27;[39m Signer #1 certificate MD5 digest: e89b158e4bcf988ebd09eb83f5378e87
[debug] &amp#27;[35m[ADB]&amp#27;[39m 
[debug] &amp#27;[35m[ADB]&amp#27;[39m sha256 hash did match for 'appium-uiautomator2-server-debug-androidTest.apk'
&amp#27;[35m[ADB]&amp#27;[39m 'C:\Users\USER\AppData\Local\Temp\2023119-11608-1mlh6m2.zy2o\appium-uiautomator2-server-debug-androidTest.apk' is signed with the default certificate
&amp#27;[35m[UiAutomator2]&amp#27;[39m Server packages are not going to be (re)installed
[debug] &amp#27;[35m[UiAutomator2]&amp#27;[39m Waiting up to 30000ms for services to be available
[debug] &amp#27;[35m[ADB]&amp#27;[39m Running 'C:\Users\USER\AppData\Local\Android\Sdk\platform-tools\adb.exe -P 5037 -s emulator-5554 shell pm list instrumentation'
[debug] &amp#27;[35m[UiAutomator2]&amp#27;[39m Instrumentation target 'io.appium.uiautomator2.server.test/androidx.test.runner.AndroidJUnitRunner' is available
[debug] &amp#27;[35m[UiAutomator2]&amp#27;[39m No app capability. Assuming it is already on the device
[debug] &amp#27;[35m[ADB]&amp#27;[39m Getting install status for flipboard.app
[debug] &amp#27;[35m[ADB]&amp#27;[39m Running 'C:\Users\USER\AppData\Local\Android\Sdk\platform-tools\adb.exe -P 5037 -s emulator-5554 shell dumpsys package flipboard.app'
[debug] &amp#27;[35m[ADB]&amp#27;[39m 'flipboard.app' is installed
[debug] &amp#27;[35m[ADB]&amp#27;[39m Running 'C:\Users\USER\AppData\Local\Android\Sdk\platform-tools\adb.exe -P 5037 -s emulator-5554 shell am force-stop flipboard.app'
[debug] &amp#27;[35m[ADB]&amp#27;[39m Running 'C:\Users\USER\AppData\Local\Android\Sdk\platform-tools\adb.exe -P 5037 -s emulator-5554 shell pm clear flipboard.app'
[debug] &amp#27;[35m[AndroidDriver]&amp#27;[39m Performed fast reset on the installed 'flipboard.app' application (stop and clear)
[debug] &amp#27;[35m[UiAutomator2]&amp#27;[39m Performing shallow cleanup of automation leftovers
[debug] &amp#27;[35m[UiAutomator2]&amp#27;[39m No obsolete sessions have been detected (socket hang up)
[debug] &amp#27;[35m[ADB]&amp#27;[39m Running 'C:\Users\USER\AppData\Local\Android\Sdk\platform-tools\adb.exe -P 5037 -s emulator-5554 shell am force-stop io.appium.uiautomator2.server.test'
&amp#27;[35m[UiAutomator2]&amp#27;[39m Starting UIAutomator2 server 4.15.0
&amp#27;[35m[UiAutomator2]&amp#27;[39m Using UIAutomator2 server from 'C:\Program Files\Appium\resources\app\node_modules\appium\node_modules\appium-uiautomator2-server\apks\appium-uiautomator2-server-v4.15.0.apk' and test from 'C:\Program Files\Appium\resources\app\node_modules\appium\node_modules\appium-uiautomator2-server\apks\appium-uiautomator2-server-debug-androidTest.apk'
&amp#27;[35m[UiAutomator2]&amp#27;[39m Waiting up to 30000ms for UiAutomator2 to be online...
[debug] &amp#27;[35m[ADB]&amp#27;[39m Creating ADB subprocess with args: ["-P",5037,"-s","emulator-5554","shell","am","instrument","-w","io.appium.uiautomator2.server.test/androidx.test.runner.AndroidJUnitRunner"]
[debug] &amp#27;[35m[Instrumentation]&amp#27;[39m io.appium.uiautomator2.server.test.AppiumUiAutomator2Server:
[debug] &amp#27;[35m[WD Proxy]&amp#27;[39m Matched '/status' to command name 'getStatus'
[debug] &amp#27;[35m[WD Proxy]&amp#27;[39m Proxying [GET /status] to [GET http://127.0.0.1:8200/wd/hub/status] with no body
&amp#27;[35m[WD Proxy]&amp#27;[39m socket hang up
[debug] &amp#27;[35m[WD Proxy]&amp#27;[39m Matched '/status' to command name 'getStatus'
[debug] &amp#27;[35m[WD Proxy]&amp#27;[39m Proxying [GET /status] to [GET http://127.0.0.1:8200/wd/hub/status] with no body
&amp#27;[35m[WD Proxy]&amp#27;[39m socket hang up
[debug] &amp#27;[35m[WD Proxy]&amp#27;[39m Matched '/status' to command name 'getStatus'
[debug] &amp#27;[35m[WD Proxy]&amp#27;[39m Proxying [GET /status] to [GET http://127.0.0.1:8200/wd/hub/status] with no body
[debug] &amp#27;[35m[WD Proxy]&amp#27;[39m Got response with status 200: {"sessionId":"None","value":{"message":"UiAutomator2 Server is ready to accept commands","ready":true}}
[debug] &amp#27;[35m[UiAutomator2]&amp#27;[39m The initialization of the instrumentation process took 3277ms
[debug] &amp#27;[35m[WD Proxy]&amp#27;[39m Matched '/session' to command name 'createSession'
[debug] &amp#27;[35m[WD Proxy]&amp#27;[39m Proxying [POST /session] to [POST http://127.0.0.1:8200/wd/hub/session] with body: {"capabilities":{"firstMatch":[{"platform":"LINUX","webStorageEnabled":false,"takesScreenshot":true,"javascriptEnabled":true,"databaseEnabled":false,"networkConnectionEnabled":true,"locationContextEnabled":false,"warnings":{},"desired":{"platformName":"android","appActivity":"flipboard.activities.LaunchActivityAlias","appPackage":"flipboard.app","platformVersion":"12.0"},"platformName":"android","appActivity":"flipboard.activities.LaunchActivityAlias","appPackage":"flipboard.app","platformVersion":"12.0","deviceName":"emulator-5554","deviceUDID":"emulator-5554"}],"alwaysMatch":{}}}
[debug] &amp#27;[35m[WD Proxy]&amp#27;[39m Got response with status 200: {"sessionId":"cb1beeb8-9daf-4255-b9f1-3a06ebad6be6","value":{"capabilities":{"firstMatch":[{"platform":"LINUX","webStorageEnabled":false,"takesScreenshot":true,"javascriptEnabled":true,"databaseEnabled":false,"networkConnectionEnabled":true,"locationContextEnabled":false,"warnings":{},"desired":{"platformName":"android","appActivity":"flipboard.activities.LaunchActivityAlias","appPackage":"flipboard.app","platformVersion":"12.0"},"platformName":"android","appActivity":"flipboard.activities.LaunchActivityAlias","appPackage":"flipboard.app","platformVersion":"12.0","deviceName":"emulator-5554","deviceUDID":"emulator-5554"}],"alwaysMatch":{}},"sessionId":"cb1beeb8-9daf-4255-b9f1-3a06ebad6be6"}}
&amp#27;[35m[WD Proxy]&amp#27;[39m Determined the downstream protocol as 'W3C'
[debug] &amp#27;[35m[WD Proxy]&amp#27;[39m Proxying [GET /appium/device/info] to [GET http://127.0.0.1:8200/wd/hub/session/cb1beeb8-9daf-4255-b9f1-3a06ebad6be6/appium/device/info] with no body
[debug] &amp#27;[35m[WD Proxy]&amp#27;[39m Got response with status 200: {"sessionId":"cb1beeb8-9daf-4255-b9f1-3a06ebad6be6","value":{"androidId":"5273bc7bfe601699","apiVersion":"32","bluetooth":{"state":"ON"},"brand":"google","carrierName":"T-Mobile","displayDensity":320,"locale":"en_US","manufacturer":"Google","model":"sdk_gphone64_x86_64","networks":[{"capabilities":{"SSID":null,"linkDownBandwidthKbps":30000,"linkUpstreamBandwidthKbps":12000,"networkCapabilities":"NET_CAPABILITY_NOT_METERED,NET_CAPABILITY_INTERNET,NET_CAPABILITY_NOT_RESTRICTED,NET_CAPABILITY_TRUSTED,NET_CAPABILITY_NOT_VPN,NET_CAPABILITY_VALIDATED,NET_CAPABILITY_NOT_ROAMING,NET_CAPABILITY_FOREGROUND,NET_CAPABILITY_NOT_CONGESTED,NET_CAPABILITY_NOT_SUSPENDED","signalStrength":-50,"transportTypes":"TRANSPORT_WIFI"},"detailedState":"CONNECTED","extraInfo":"","isAvailable":true,"isConnected":true,"isFailover":false,"isRoaming":false,"state":"CONNECTED","subtype":-1,"subtypeName":"","type":1,"typeName":"WIFI"},{"capabilities":{"SSID":null,"linkDownBandwidthKbps":30000,"linkUpstreamBandwidthKbps":15000,"networkCapab...
[debug] &amp#27;[35m[ADB]&amp#27;[39m Running 'C:\Users\USER\AppData\Local\Android\Sdk\platform-tools\adb.exe -P 5037 -s emulator-5554 shell dumpsys window'
&amp#27;[35m[AndroidDriver]&amp#27;[39m Screen already unlocked, doing nothing
&amp#27;[35m[UiAutomator2]&amp#27;[39m Starting 'flipboard.app/flipboard.activities.LaunchActivityAlias and waiting for 'flipboard.app/flipboard.activities.LaunchActivityAlias'
[debug] &amp#27;[35m[ADB]&amp#27;[39m Running 'C:\Users\USER\AppData\Local\Android\Sdk\platform-tools\adb.exe -P 5037 -s emulator-5554 shell am start -W -n flipboard.app/flipboard.activities.LaunchActivityAlias -S -a android.intent.action.MAIN -c android.intent.category.LAUNCHER -f 0x10200000'
[debug] &amp#27;[35m[WD Proxy]&amp#27;[39m Proxying [GET /appium/device/pixel_ratio] to [GET http://127.0.0.1:8200/wd/hub/session/cb1beeb8-9daf-4255-b9f1-3a06ebad6be6/appium/device/pixel_ratio] with no body
[debug] &amp#27;[35m[WD Proxy]&amp#27;[39m Got response with status 200: {"sessionId":"cb1beeb8-9daf-4255-b9f1-3a06ebad6be6","value":2}
[debug] &amp#27;[35m[WD Proxy]&amp#27;[39m Matched '/appium/device/system_bars' to command name 'getSystemBars'
[debug] &amp#27;[35m[WD Proxy]&amp#27;[39m Proxying [GET /appium/device/system_bars] to [GET http://127.0.0.1:8200/wd/hub/session/cb1beeb8-9daf-4255-b9f1-3a06ebad6be6/appium/device/system_bars] with no body
[debug] &amp#27;[35m[WD Proxy]&amp#27;[39m Got response with status 200: {"sessionId":"cb1beeb8-9daf-4255-b9f1-3a06ebad6be6","value":{"statusBar":48}}
[debug] &amp#27;[35m[WD Proxy]&amp#27;[39m Matched '/window/current/size' to command name 'getWindowSize'
[debug] &amp#27;[35m[WD Proxy]&amp#27;[39m Proxying [GET /window/current/size] to [GET http://127.0.0.1:8200/wd/hub/session/cb1beeb8-9daf-4255-b9f1-3a06ebad6be6/window/current/size] with no body
[debug] &amp#27;[35m[WD Proxy]&amp#27;[39m Got response with status 200: {"sessionId":"cb1beeb8-9daf-4255-b9f1-3a06ebad6be6","value":{"height":1248,"width":768}}
&amp#27;[35m[Appium]&amp#27;[39m New AndroidUiautomator2Driver session created successfully, session 70648082-a0af-45ff-8f93-34ca43503e72 added to master session list
[debug] &amp#27;[35m[BaseDriver]&amp#27;[39m Event 'newSessionStarted' logged at 1676827851898 (23:30:51 GMT+0600 (Bangladesh Standard Time))
[debug] &amp#27;[35m[W3C (70648082)]&amp#27;[39m Cached the protocol value 'W3C' for the new session 70648082-a0af-45ff-8f93-34ca43503e72
[debug] &amp#27;[35m[W3C (70648082)]&amp#27;[39m Responding to client with driver.createSession() result: {"capabilities":{"platform":"LINUX","webStorageEnabled":false,"takesScreenshot":true,"javascriptEnabled":true,"databaseEnabled":false,"networkConnectionEnabled":true,"locationContextEnabled":false,"warnings":{},"desired":{"platformName":"android","appActivity":"flipboard.activities.LaunchActivityAlias","appPackage":"flipboard.app","platformVersion":"12.0"},"platformName":"android","appActivity":"flipboard.activities.LaunchActivityAlias","appPackage":"flipboard.app","platformVersion":"12","deviceName":"emulator-5554","deviceUDID":"emulator-5554","deviceApiLevel":32,"deviceScreenSize":"768x1280","deviceScreenDensity":320,"deviceModel":"sdk_gphone64_x86_64","deviceManufacturer":"Google","pixelRatio":2,"statBarHeight":48,"viewportRect":{"left":0,"top":48,"width":768,"height":1200}}}
&amp#27;[35m[HTTP]&amp#27;[39m &amp#27;[37m<-- POST /wd/hub/session &amp#27;[39m&amp#27;[32m200&amp#27;[39m &amp#27;[90m7294 ms - 850&amp#27;[39m
&amp#27;[35m[HTTP]&amp#27;[39m &amp#27;[90m&amp#27;[39m
&amp#27;[35m[HTTP]&amp#27;[39m &amp#27;[37m-->&amp#27;[39m &amp#27;[37mGET&amp#27;[39m &amp#27;[37m/wd/hub/session/70648082-a0af-45ff-8f93-34ca43503e72/context&amp#27;[39m
&amp#27;[35m[HTTP]&amp#27;[39m &amp#27;[90m{}&amp#27;[39m
[debug] &amp#27;[35m[W3C (70648082)]&amp#27;[39m Calling AppiumDriver.getCurrentContext() with args: ["70648082-a0af-45ff-8f93-34ca43503e72"]
[debug] &amp#27;[35m[W3C (70648082)]&amp#27;[39m Responding to client with driver.getCurrentContext() result: "NATIVE_APP"
&amp#27;[35m[HTTP]&amp#27;[39m &amp#27;[37m<-- GET /wd/hub/session/70648082-a0af-45ff-8f93-34ca43503e72/context &amp#27;[39m&amp#27;[32m200&amp#27;[39m &amp#27;[90m7 ms - 22&amp#27;[39m
&amp#27;[35m[HTTP]&amp#27;[39m &amp#27;[90m&amp#27;[39m
&amp#27;[35m[HTTP]&amp#27;[39m &amp#27;[37m-->&amp#27;[39m &amp#27;[37mPOST&amp#27;[39m &amp#27;[37m/wd/hub/session/70648082-a0af-45ff-8f93-34ca43503e72/element&amp#27;[39m
&amp#27;[35m[HTTP]&amp#27;[39m &amp#27;[90m{"using":"id","value":"flipboard.app:id/first_launch_get_started_button"}&amp#27;[39m
[debug] &amp#27;[35m[W3C (70648082)]&amp#27;[39m Calling AppiumDriver.findElement() with args: ["id","flipboard.app:id/first_launch_get_started_button","70648082-a0af-45ff-8f93-34ca43503e72"]
[debug] &amp#27;[35m[BaseDriver]&amp#27;[39m Valid locator strategies for this request: xpath, id, class name, accessibility id, css selector, -android uiautomator
[debug] &amp#27;[35m[BaseDriver]&amp#27;[39m Waiting up to 0 ms for condition
[debug] &amp#27;[35m[WD Proxy]&amp#27;[39m Matched '/element' to command name 'findElement'
[debug] &amp#27;[35m[WD Proxy]&amp#27;[39m Proxying [POST /element] to [POST http://127.0.0.1:8200/wd/hub/session/cb1beeb8-9daf-4255-b9f1-3a06ebad6be6/element] with body: {"strategy":"id","selector":"flipboard.app:id/first_launch_get_started_button","context":"","multiple":false}
[debug] &amp#27;[35m[WD Proxy]&amp#27;[39m Got response with status 200: {"sessionId":"cb1beeb8-9daf-4255-b9f1-3a06ebad6be6","value":{"ELEMENT":"5fd21946-a962-4e7d-aabd-1b039444f2da","element-6066-11e4-a52e-4f735466cecf":"5fd21946-a962-4e7d-aabd-1b039444f2da"}}
[debug] &amp#27;[35m[W3C (70648082)]&amp#27;[39m Responding to client with driver.findElement() result: {"element-6066-11e4-a52e-4f735466cecf":"5fd21946-a962-4e7d-aabd-1b039444f2da","ELEMENT":"5fd21946-a962-4e7d-aabd-1b039444f2da"}
&amp#27;[35m[HTTP]&amp#27;[39m &amp#27;[37m<-- POST /wd/hub/session/70648082-a0af-45ff-8f93-34ca43503e72/element &amp#27;[39m&amp#27;[32m200&amp#27;[39m &amp#27;[90m167 ms - 137&amp#27;[39m
&amp#27;[35m[HTTP]&amp#27;[39m &amp#27;[90m&amp#27;[39m
&amp#27;[35m[HTTP]&amp#27;[39m &amp#27;[37m-->&amp#27;[39m &amp#27;[37mPOST&amp#27;[39m &amp#27;[37m/wd/hub/session/70648082-a0af-45ff-8f93-34ca43503e72/element/5fd21946-a962-4e7d-aabd-1b039444f2da/click&amp#27;[39m
&amp#27;[35m[HTTP]&amp#27;[39m &amp#27;[90m{"id":"5fd21946-a962-4e7d-aabd-1b039444f2da"}&amp#27;[39m
[debug] &amp#27;[35m[W3C (70648082)]&amp#27;[39m Calling AppiumDriver.click() with args: ["5fd21946-a962-4e7d-aabd-1b039444f2da","70648082-a0af-45ff-8f93-34ca43503e72"]
[debug] &amp#27;[35m[WD Proxy]&amp#27;[39m Matched '/element/5fd21946-a962-4e7d-aabd-1b039444f2da/click' to command name 'click'
[debug] &amp#27;[35m[WD Proxy]&amp#27;[39m Proxying [POST /element/5fd21946-a962-4e7d-aabd-1b039444f2da/click] to [POST http://127.0.0.1:8200/wd/hub/session/cb1beeb8-9daf-4255-b9f1-3a06ebad6be6/element/5fd21946-a962-4e7d-aabd-1b039444f2da/click] with body: {"element":"5fd21946-a962-4e7d-aabd-1b039444f2da"}
[debug] &amp#27;[35m[WD Proxy]&amp#27;[39m Got response with status 200: {"sessionId":"cb1beeb8-9daf-4255-b9f1-3a06ebad6be6","value":null}
[debug] &amp#27;[35m[W3C (70648082)]&amp#27;[39m Responding to client with driver.click() result: null
&amp#27;[35m[HTTP]&amp#27;[39m &amp#27;[37m<-- POST /wd/hub/session/70648082-a0af-45ff-8f93-34ca43503e72/element/5fd21946-a962-4e7d-aabd-1b039444f2da/click &amp#27;[39m&amp#27;[32m200&amp#27;[39m &amp#27;[90m63 ms - 14&amp#27;[39m
&amp#27;[35m[HTTP]&amp#27;[39m &amp#27;[90m&amp#27;[39m
]]></system-out>
    <system-err><![CDATA[SLF4J: Failed to load class "org.slf4j.impl.StaticLoggerBinder".
SLF4J: Defaulting to no-operation (NOP) logger implementation
SLF4J: See http://www.slf4j.org/codes.html#StaticLoggerBinder for further details.
log4j:WARN No appenders could be found for logger (com.sohel.mobile.automation.base.TestBase).
log4j:WARN Please initialize the log4j system properly.
log4j:WARN See http://logging.apache.org/log4j/1.2/faq.html#noconfig for more info.
Feb 19, 2023 11:30:51 PM io.appium.java_client.remote.AppiumCommandExecutor$1 lambda$0
INFO: Detected dialect: W3C
]]></system-err>
  </testcase>
  <testcase name="validateChooseTopicsScreen" classname="com.sohel.mobile.automation.testcases.FlipboardLoginTest" time="6.228">
    <system-out><![CDATA[&amp#27;[35m[HTTP]&amp#27;[39m &amp#27;[37m-->&amp#27;[39m &amp#27;[37mGET&amp#27;[39m &amp#27;[37m/wd/hub/session/70648082-a0af-45ff-8f93-34ca43503e72/context&amp#27;[39m
&amp#27;[35m[HTTP]&amp#27;[39m &amp#27;[90m{}&amp#27;[39m
[debug] &amp#27;[35m[W3C (70648082)]&amp#27;[39m Calling AppiumDriver.getCurrentContext() with args: ["70648082-a0af-45ff-8f93-34ca43503e72"]
[debug] &amp#27;[35m[W3C (70648082)]&amp#27;[39m Responding to client with driver.getCurrentContext() result: "NATIVE_APP"
&amp#27;[35m[HTTP]&amp#27;[39m &amp#27;[37m<-- GET /wd/hub/session/70648082-a0af-45ff-8f93-34ca43503e72/context &amp#27;[39m&amp#27;[32m200&amp#27;[39m &amp#27;[90m4 ms - 22&amp#27;[39m
&amp#27;[35m[HTTP]&amp#27;[39m &amp#27;[90m&amp#27;[39m
&amp#27;[35m[HTTP]&amp#27;[39m &amp#27;[37m-->&amp#27;[39m &amp#27;[37mPOST&amp#27;[39m &amp#27;[37m/wd/hub/session/70648082-a0af-45ff-8f93-34ca43503e72/elements&amp#27;[39m
&amp#27;[35m[HTTP]&amp#27;[39m &amp#27;[90m{"using":"id","value":"flipboard.app:id/topic_picker_topic_row_topic_tag"}&amp#27;[39m
[debug] &amp#27;[35m[W3C (70648082)]&amp#27;[39m Calling AppiumDriver.findElements() with args: ["id","flipboard.app:id/topic_picker_topic_row_topic_tag","70648082-a0af-45ff-8f93-34ca43503e72"]
[debug] &amp#27;[35m[BaseDriver]&amp#27;[39m Valid locator strategies for this request: xpath, id, class name, accessibility id, css selector, -android uiautomator
[debug] &amp#27;[35m[BaseDriver]&amp#27;[39m Waiting up to 0 ms for condition
[debug] &amp#27;[35m[WD Proxy]&amp#27;[39m Matched '/elements' to command name 'findElements'
[debug] &amp#27;[35m[WD Proxy]&amp#27;[39m Proxying [POST /elements] to [POST http://127.0.0.1:8200/wd/hub/session/cb1beeb8-9daf-4255-b9f1-3a06ebad6be6/elements] with body: {"strategy":"id","selector":"flipboard.app:id/topic_picker_topic_row_topic_tag","context":"","multiple":true}
[debug] &amp#27;[35m[WD Proxy]&amp#27;[39m Got response with status 200: {"sessionId":"cb1beeb8-9daf-4255-b9f1-3a06ebad6be6","value":[{"ELEMENT":"800b582a-66a1-40fe-a350-2c714d50496f","element-6066-11e4-a52e-4f735466cecf":"800b582a-66a1-40fe-a350-2c714d50496f"},{"ELEMENT":"0c2f5c88-9443-470b-870f-77ea42a0c9ac","element-6066-11e4-a52e-4f735466cecf":"0c2f5c88-9443-470b-870f-77ea42a0c9ac"},{"ELEMENT":"49956659-bd68-432e-b0e6-04a6f05d1411","element-6066-11e4-a52e-4f735466cecf":"49956659-bd68-432e-b0e6-04a6f05d1411"},{"ELEMENT":"018f76bd-a2bd-4d93-ab89-23f63ada6cd1","element-6066-11e4-a52e-4f735466cecf":"018f76bd-a2bd-4d93-ab89-23f63ada6cd1"},{"ELEMENT":"f8b78a90-6f40-4522-9f45-60e86aa664f2","element-6066-11e4-a52e-4f735466cecf":"f8b78a90-6f40-4522-9f45-60e86aa664f2"},{"ELEMENT":"7a1286fa-0336-488b-89c4-aed3f8cacb30","element-6066-11e4-a52e-4f735466cecf":"7a1286fa-0336-488b-89c4-aed3f8cacb30"},{"ELEMENT":"1069a65b-237f-41b3-889b-1dea825cf754","element-6066-11e4-a52e-4f735466cecf":"1069a65b-237f-41b3-889b-1dea825cf754"},{"ELEMENT":"044ccd12-5823-4cac-bd9a-98300359f6a4","element-6066-...
[debug] &amp#27;[35m[W3C (70648082)]&amp#27;[39m Responding to client with driver.findElements() result: [{"element-6066-11e4-a52e-4f735466cecf":"800b582a-66a1-40fe-a350-2c714d50496f","ELEMENT":"800b582a-66a1-40fe-a350-2c714d50496f"},{"element-6066-11e4-a52e-4f735466cecf":"0c2f5c88-9443-470b-870f-77ea42a0c9ac","ELEMENT":"0c2f5c88-9443-470b-870f-77ea42a0c9ac"},{"element-6066-11e4-a52e-4f735466cecf":"49956659-bd68-432e-b0e6-04a6f05d1411","ELEMENT":"49956659-bd68-432e-b0e6-04a6f05d1411"},{"element-6066-11e4-a52e-4f735466cecf":"018f76bd-a2bd-4d93-ab89-23f63ada6cd1","ELEMENT":"018f76bd-a2bd-4d93-ab89-23f63ada6cd1"},{"element-6066-11e4-a52e-4f735466cecf":"f8b78a90-6f40-4522-9f45-60e86aa664f2","ELEMENT":"f8b78a90-6f40-4522-9f45-60e86aa664f2"},{"element-6066-11e4-a52e-4f735466cecf":"7a1286fa-0336-488b-89c4-aed3f8cacb30","ELEMENT":"7a1286fa-0336-488b-89c4-aed3f8cacb30"},{"element-6066-11e4-a52e-4f735466cecf":"1069a65b-237f-41b3-889b-1dea825cf754","ELEMENT":"1069a65b-237f-41b3-889b-1dea825cf754"},{"element-6066-11e4-a52e-4f735466cecf":"044ccd12-5823-4cac-bd9a-98300359f6a4","ELEMENT":"044ccd12-5823-4cac-bd9a-98300359f6a...
&amp#27;[35m[HTTP]&amp#27;[39m &amp#27;[37m<-- POST /wd/hub/session/70648082-a0af-45ff-8f93-34ca43503e72/elements &amp#27;[39m&amp#27;[32m200&amp#27;[39m &amp#27;[90m43 ms - 1931&amp#27;[39m
&amp#27;[35m[HTTP]&amp#27;[39m &amp#27;[90m&amp#27;[39m
&amp#27;[35m[HTTP]&amp#27;[39m &amp#27;[37m-->&amp#27;[39m &amp#27;[37mPOST&amp#27;[39m &amp#27;[37m/wd/hub/session/70648082-a0af-45ff-8f93-34ca43503e72/element/800b582a-66a1-40fe-a350-2c714d50496f/click&amp#27;[39m
&amp#27;[35m[HTTP]&amp#27;[39m &amp#27;[90m{"id":"800b582a-66a1-40fe-a350-2c714d50496f"}&amp#27;[39m
[debug] &amp#27;[35m[W3C (70648082)]&amp#27;[39m Calling AppiumDriver.click() with args: ["800b582a-66a1-40fe-a350-2c714d50496f","70648082-a0af-45ff-8f93-34ca43503e72"]
[debug] &amp#27;[35m[WD Proxy]&amp#27;[39m Matched '/element/800b582a-66a1-40fe-a350-2c714d50496f/click' to command name 'click'
[debug] &amp#27;[35m[WD Proxy]&amp#27;[39m Proxying [POST /element/800b582a-66a1-40fe-a350-2c714d50496f/click] to [POST http://127.0.0.1:8200/wd/hub/session/cb1beeb8-9daf-4255-b9f1-3a06ebad6be6/element/800b582a-66a1-40fe-a350-2c714d50496f/click] with body: {"element":"800b582a-66a1-40fe-a350-2c714d50496f"}
[debug] &amp#27;[35m[WD Proxy]&amp#27;[39m Got response with status 200: {"sessionId":"cb1beeb8-9daf-4255-b9f1-3a06ebad6be6","value":null}
[debug] &amp#27;[35m[W3C (70648082)]&amp#27;[39m Responding to client with driver.click() result: null
&amp#27;[35m[HTTP]&amp#27;[39m &amp#27;[37m<-- POST /wd/hub/session/70648082-a0af-45ff-8f93-34ca43503e72/element/800b582a-66a1-40fe-a350-2c714d50496f/click &amp#27;[39m&amp#27;[32m200&amp#27;[39m &amp#27;[90m40 ms - 14&amp#27;[39m
&amp#27;[35m[HTTP]&amp#27;[39m &amp#27;[90m&amp#27;[39m
&amp#27;[35m[HTTP]&amp#27;[39m &amp#27;[37m-->&amp#27;[39m &amp#27;[37mGET&amp#27;[39m &amp#27;[37m/wd/hub/session/70648082-a0af-45ff-8f93-34ca43503e72/context&amp#27;[39m
&amp#27;[35m[HTTP]&amp#27;[39m &amp#27;[90m{}&amp#27;[39m
[debug] &amp#27;[35m[W3C (70648082)]&amp#27;[39m Calling AppiumDriver.getCurrentContext() with args: ["70648082-a0af-45ff-8f93-34ca43503e72"]
[debug] &amp#27;[35m[W3C (70648082)]&amp#27;[39m Responding to client with driver.getCurrentContext() result: "NATIVE_APP"
&amp#27;[35m[HTTP]&amp#27;[39m &amp#27;[37m<-- GET /wd/hub/session/70648082-a0af-45ff-8f93-34ca43503e72/context &amp#27;[39m&amp#27;[32m200&amp#27;[39m &amp#27;[90m1 ms - 22&amp#27;[39m
&amp#27;[35m[HTTP]&amp#27;[39m &amp#27;[90m&amp#27;[39m
&amp#27;[35m[HTTP]&amp#27;[39m &amp#27;[37m-->&amp#27;[39m &amp#27;[37mPOST&amp#27;[39m &amp#27;[37m/wd/hub/session/70648082-a0af-45ff-8f93-34ca43503e72/elements&amp#27;[39m
&amp#27;[35m[HTTP]&amp#27;[39m &amp#27;[90m{"using":"id","value":"flipboard.app:id/topic_picker_topic_row_topic_tag"}&amp#27;[39m
[debug] &amp#27;[35m[W3C (70648082)]&amp#27;[39m Calling AppiumDriver.findElements() with args: ["id","flipboard.app:id/topic_picker_topic_row_topic_tag","70648082-a0af-45ff-8f93-34ca43503e72"]
[debug] &amp#27;[35m[BaseDriver]&amp#27;[39m Valid locator strategies for this request: xpath, id, class name, accessibility id, css selector, -android uiautomator
[debug] &amp#27;[35m[BaseDriver]&amp#27;[39m Waiting up to 0 ms for condition
[debug] &amp#27;[35m[WD Proxy]&amp#27;[39m Matched '/elements' to command name 'findElements'
[debug] &amp#27;[35m[WD Proxy]&amp#27;[39m Proxying [POST /elements] to [POST http://127.0.0.1:8200/wd/hub/session/cb1beeb8-9daf-4255-b9f1-3a06ebad6be6/elements] with body: {"strategy":"id","selector":"flipboard.app:id/topic_picker_topic_row_topic_tag","context":"","multiple":true}
[debug] &amp#27;[35m[WD Proxy]&amp#27;[39m Got response with status 200: {"sessionId":"cb1beeb8-9daf-4255-b9f1-3a06ebad6be6","value":[{"ELEMENT":"2d63ddbb-1c46-434c-89d1-d47d0aa70c59","element-6066-11e4-a52e-4f735466cecf":"2d63ddbb-1c46-434c-89d1-d47d0aa70c59"},{"ELEMENT":"835c81ce-1683-4b9d-adc2-f3fbbe5b3727","element-6066-11e4-a52e-4f735466cecf":"835c81ce-1683-4b9d-adc2-f3fbbe5b3727"},{"ELEMENT":"08c14ad6-0d04-43ce-9522-c55d97ffae54","element-6066-11e4-a52e-4f735466cecf":"08c14ad6-0d04-43ce-9522-c55d97ffae54"},{"ELEMENT":"7bc3a238-50b1-4dc7-9c36-00a1c390b896","element-6066-11e4-a52e-4f735466cecf":"7bc3a238-50b1-4dc7-9c36-00a1c390b896"},{"ELEMENT":"4cd3a3f1-047b-4591-8e26-39fa6796ab66","element-6066-11e4-a52e-4f735466cecf":"4cd3a3f1-047b-4591-8e26-39fa6796ab66"},{"ELEMENT":"45a80e08-6459-4723-8fed-878ddcf3b352","element-6066-11e4-a52e-4f735466cecf":"45a80e08-6459-4723-8fed-878ddcf3b352"},{"ELEMENT":"d68a4671-8893-4abb-b20f-6b15511ad45f","element-6066-11e4-a52e-4f735466cecf":"d68a4671-8893-4abb-b20f-6b15511ad45f"},{"ELEMENT":"f933195e-a0f0-4101-8700-f9cd1dae4d25","element-6066-...
[debug] &amp#27;[35m[W3C (70648082)]&amp#27;[39m Responding to client with driver.findElements() result: [{"element-6066-11e4-a52e-4f735466cecf":"2d63ddbb-1c46-434c-89d1-d47d0aa70c59","ELEMENT":"2d63ddbb-1c46-434c-89d1-d47d0aa70c59"},{"element-6066-11e4-a52e-4f735466cecf":"835c81ce-1683-4b9d-adc2-f3fbbe5b3727","ELEMENT":"835c81ce-1683-4b9d-adc2-f3fbbe5b3727"},{"element-6066-11e4-a52e-4f735466cecf":"08c14ad6-0d04-43ce-9522-c55d97ffae54","ELEMENT":"08c14ad6-0d04-43ce-9522-c55d97ffae54"},{"element-6066-11e4-a52e-4f735466cecf":"7bc3a238-50b1-4dc7-9c36-00a1c390b896","ELEMENT":"7bc3a238-50b1-4dc7-9c36-00a1c390b896"},{"element-6066-11e4-a52e-4f735466cecf":"4cd3a3f1-047b-4591-8e26-39fa6796ab66","ELEMENT":"4cd3a3f1-047b-4591-8e26-39fa6796ab66"},{"element-6066-11e4-a52e-4f735466cecf":"45a80e08-6459-4723-8fed-878ddcf3b352","ELEMENT":"45a80e08-6459-4723-8fed-878ddcf3b352"},{"element-6066-11e4-a52e-4f735466cecf":"d68a4671-8893-4abb-b20f-6b15511ad45f","ELEMENT":"d68a4671-8893-4abb-b20f-6b15511ad45f"},{"element-6066-11e4-a52e-4f735466cecf":"f933195e-a0f0-4101-8700-f9cd1dae4d25","ELEMENT":"f933195e-a0f0-4101-8700-f9cd1dae4d2...
&amp#27;[35m[HTTP]&amp#27;[39m &amp#27;[37m<-- POST /wd/hub/session/70648082-a0af-45ff-8f93-34ca43503e72/elements &amp#27;[39m&amp#27;[32m200&amp#27;[39m &amp#27;[90m636 ms - 1931&amp#27;[39m
&amp#27;[35m[HTTP]&amp#27;[39m &amp#27;[90m&amp#27;[39m
&amp#27;[35m[HTTP]&amp#27;[39m &amp#27;[37m-->&amp#27;[39m &amp#27;[37mPOST&amp#27;[39m &amp#27;[37m/wd/hub/session/70648082-a0af-45ff-8f93-34ca43503e72/element/835c81ce-1683-4b9d-adc2-f3fbbe5b3727/click&amp#27;[39m
&amp#27;[35m[HTTP]&amp#27;[39m &amp#27;[90m{"id":"835c81ce-1683-4b9d-adc2-f3fbbe5b3727"}&amp#27;[39m
[debug] &amp#27;[35m[W3C (70648082)]&amp#27;[39m Calling AppiumDriver.click() with args: ["835c81ce-1683-4b9d-adc2-f3fbbe5b3727","70648082-a0af-45ff-8f93-34ca43503e72"]
[debug] &amp#27;[35m[WD Proxy]&amp#27;[39m Matched '/element/835c81ce-1683-4b9d-adc2-f3fbbe5b3727/click' to command name 'click'
[debug] &amp#27;[35m[WD Proxy]&amp#27;[39m Proxying [POST /element/835c81ce-1683-4b9d-adc2-f3fbbe5b3727/click] to [POST http://127.0.0.1:8200/wd/hub/session/cb1beeb8-9daf-4255-b9f1-3a06ebad6be6/element/835c81ce-1683-4b9d-adc2-f3fbbe5b3727/click] with body: {"element":"835c81ce-1683-4b9d-adc2-f3fbbe5b3727"}
[debug] &amp#27;[35m[WD Proxy]&amp#27;[39m Got response with status 200: {"sessionId":"cb1beeb8-9daf-4255-b9f1-3a06ebad6be6","value":null}
[debug] &amp#27;[35m[W3C (70648082)]&amp#27;[39m Responding to client with driver.click() result: null
&amp#27;[35m[HTTP]&amp#27;[39m &amp#27;[37m<-- POST /wd/hub/session/70648082-a0af-45ff-8f93-34ca43503e72/element/835c81ce-1683-4b9d-adc2-f3fbbe5b3727/click &amp#27;[39m&amp#27;[32m200&amp#27;[39m &amp#27;[90m37 ms - 14&amp#27;[39m
&amp#27;[35m[HTTP]&amp#27;[39m &amp#27;[90m&amp#27;[39m
&amp#27;[35m[HTTP]&amp#27;[39m &amp#27;[37m-->&amp#27;[39m &amp#27;[37mGET&amp#27;[39m &amp#27;[37m/wd/hub/session/70648082-a0af-45ff-8f93-34ca43503e72/context&amp#27;[39m
&amp#27;[35m[HTTP]&amp#27;[39m &amp#27;[90m{}&amp#27;[39m
[debug] &amp#27;[35m[W3C (70648082)]&amp#27;[39m Calling AppiumDriver.getCurrentContext() with args: ["70648082-a0af-45ff-8f93-34ca43503e72"]
[debug] &amp#27;[35m[W3C (70648082)]&amp#27;[39m Responding to client with driver.getCurrentContext() result: "NATIVE_APP"
&amp#27;[35m[HTTP]&amp#27;[39m &amp#27;[37m<-- GET /wd/hub/session/70648082-a0af-45ff-8f93-34ca43503e72/context &amp#27;[39m&amp#27;[32m200&amp#27;[39m &amp#27;[90m1 ms - 22&amp#27;[39m
&amp#27;[35m[HTTP]&amp#27;[39m &amp#27;[90m&amp#27;[39m
&amp#27;[35m[HTTP]&amp#27;[39m &amp#27;[37m-->&amp#27;[39m &amp#27;[37mPOST&amp#27;[39m &amp#27;[37m/wd/hub/session/70648082-a0af-45ff-8f93-34ca43503e72/elements&amp#27;[39m
&amp#27;[35m[HTTP]&amp#27;[39m &amp#27;[90m{"using":"id","value":"flipboard.app:id/topic_picker_topic_row_topic_tag"}&amp#27;[39m
[debug] &amp#27;[35m[W3C (70648082)]&amp#27;[39m Calling AppiumDriver.findElements() with args: ["id","flipboard.app:id/topic_picker_topic_row_topic_tag","70648082-a0af-45ff-8f93-34ca43503e72"]
[debug] &amp#27;[35m[BaseDriver]&amp#27;[39m Valid locator strategies for this request: xpath, id, class name, accessibility id, css selector, -android uiautomator
[debug] &amp#27;[35m[BaseDriver]&amp#27;[39m Waiting up to 0 ms for condition
[debug] &amp#27;[35m[WD Proxy]&amp#27;[39m Matched '/elements' to command name 'findElements'
[debug] &amp#27;[35m[WD Proxy]&amp#27;[39m Proxying [POST /elements] to [POST http://127.0.0.1:8200/wd/hub/session/cb1beeb8-9daf-4255-b9f1-3a06ebad6be6/elements] with body: {"strategy":"id","selector":"flipboard.app:id/topic_picker_topic_row_topic_tag","context":"","multiple":true}
[debug] &amp#27;[35m[WD Proxy]&amp#27;[39m Got response with status 200: {"sessionId":"cb1beeb8-9daf-4255-b9f1-3a06ebad6be6","value":[{"ELEMENT":"82a86c88-1a27-4d66-8041-fbd4cd7bc736","element-6066-11e4-a52e-4f735466cecf":"82a86c88-1a27-4d66-8041-fbd4cd7bc736"},{"ELEMENT":"7d9f40fd-77de-4f44-909d-07e490592228","element-6066-11e4-a52e-4f735466cecf":"7d9f40fd-77de-4f44-909d-07e490592228"},{"ELEMENT":"f041e7d9-d8a1-4a98-be82-f77c376be6e8","element-6066-11e4-a52e-4f735466cecf":"f041e7d9-d8a1-4a98-be82-f77c376be6e8"},{"ELEMENT":"0c23b729-b395-4fd7-abdc-36e56c09720c","element-6066-11e4-a52e-4f735466cecf":"0c23b729-b395-4fd7-abdc-36e56c09720c"},{"ELEMENT":"19e7318b-17ef-4d6e-b164-ce0368d219a7","element-6066-11e4-a52e-4f735466cecf":"19e7318b-17ef-4d6e-b164-ce0368d219a7"},{"ELEMENT":"aeaf4492-043c-46eb-a7eb-433d80ca0930","element-6066-11e4-a52e-4f735466cecf":"aeaf4492-043c-46eb-a7eb-433d80ca0930"},{"ELEMENT":"9f20a996-9774-4a41-9f74-4913c97d6e4c","element-6066-11e4-a52e-4f735466cecf":"9f20a996-9774-4a41-9f74-4913c97d6e4c"},{"ELEMENT":"d3672e9c-7383-422f-a959-b69e8239bd3b","element-6066-...
[debug] &amp#27;[35m[W3C (70648082)]&amp#27;[39m Responding to client with driver.findElements() result: [{"element-6066-11e4-a52e-4f735466cecf":"82a86c88-1a27-4d66-8041-fbd4cd7bc736","ELEMENT":"82a86c88-1a27-4d66-8041-fbd4cd7bc736"},{"element-6066-11e4-a52e-4f735466cecf":"7d9f40fd-77de-4f44-909d-07e490592228","ELEMENT":"7d9f40fd-77de-4f44-909d-07e490592228"},{"element-6066-11e4-a52e-4f735466cecf":"f041e7d9-d8a1-4a98-be82-f77c376be6e8","ELEMENT":"f041e7d9-d8a1-4a98-be82-f77c376be6e8"},{"element-6066-11e4-a52e-4f735466cecf":"0c23b729-b395-4fd7-abdc-36e56c09720c","ELEMENT":"0c23b729-b395-4fd7-abdc-36e56c09720c"},{"element-6066-11e4-a52e-4f735466cecf":"19e7318b-17ef-4d6e-b164-ce0368d219a7","ELEMENT":"19e7318b-17ef-4d6e-b164-ce0368d219a7"},{"element-6066-11e4-a52e-4f735466cecf":"aeaf4492-043c-46eb-a7eb-433d80ca0930","ELEMENT":"aeaf4492-043c-46eb-a7eb-433d80ca0930"},{"element-6066-11e4-a52e-4f735466cecf":"9f20a996-9774-4a41-9f74-4913c97d6e4c","ELEMENT":"9f20a996-9774-4a41-9f74-4913c97d6e4c"},{"element-6066-11e4-a52e-4f735466cecf":"d3672e9c-7383-422f-a959-b69e8239bd3b","ELEMENT":"d3672e9c-7383-422f-a959-b69e8239bd3...
&amp#27;[35m[HTTP]&amp#27;[39m &amp#27;[37m<-- POST /wd/hub/session/70648082-a0af-45ff-8f93-34ca43503e72/elements &amp#27;[39m&amp#27;[32m200&amp#27;[39m &amp#27;[90m116 ms - 1931&amp#27;[39m
&amp#27;[35m[HTTP]&amp#27;[39m &amp#27;[90m&amp#27;[39m
&amp#27;[35m[HTTP]&amp#27;[39m &amp#27;[37m-->&amp#27;[39m &amp#27;[37mPOST&amp#27;[39m &amp#27;[37m/wd/hub/session/70648082-a0af-45ff-8f93-34ca43503e72/element/f041e7d9-d8a1-4a98-be82-f77c376be6e8/click&amp#27;[39m
&amp#27;[35m[HTTP]&amp#27;[39m &amp#27;[90m{"id":"f041e7d9-d8a1-4a98-be82-f77c376be6e8"}&amp#27;[39m
[debug] &amp#27;[35m[W3C (70648082)]&amp#27;[39m Calling AppiumDriver.click() with args: ["f041e7d9-d8a1-4a98-be82-f77c376be6e8","70648082-a0af-45ff-8f93-34ca43503e72"]
[debug] &amp#27;[35m[WD Proxy]&amp#27;[39m Matched '/element/f041e7d9-d8a1-4a98-be82-f77c376be6e8/click' to command name 'click'
[debug] &amp#27;[35m[WD Proxy]&amp#27;[39m Proxying [POST /element/f041e7d9-d8a1-4a98-be82-f77c376be6e8/click] to [POST http://127.0.0.1:8200/wd/hub/session/cb1beeb8-9daf-4255-b9f1-3a06ebad6be6/element/f041e7d9-d8a1-4a98-be82-f77c376be6e8/click] with body: {"element":"f041e7d9-d8a1-4a98-be82-f77c376be6e8"}
[debug] &amp#27;[35m[WD Proxy]&amp#27;[39m Got response with status 200: {"sessionId":"cb1beeb8-9daf-4255-b9f1-3a06ebad6be6","value":null}
[debug] &amp#27;[35m[W3C (70648082)]&amp#27;[39m Responding to client with driver.click() result: null
&amp#27;[35m[HTTP]&amp#27;[39m &amp#27;[37m<-- POST /wd/hub/session/70648082-a0af-45ff-8f93-34ca43503e72/element/f041e7d9-d8a1-4a98-be82-f77c376be6e8/click &amp#27;[39m&amp#27;[32m200&amp#27;[39m &amp#27;[90m403 ms - 14&amp#27;[39m
&amp#27;[35m[HTTP]&amp#27;[39m &amp#27;[90m&amp#27;[39m
&amp#27;[35m[HTTP]&amp#27;[39m &amp#27;[37m-->&amp#27;[39m &amp#27;[37mGET&amp#27;[39m &amp#27;[37m/wd/hub/session/70648082-a0af-45ff-8f93-34ca43503e72/context&amp#27;[39m
&amp#27;[35m[HTTP]&amp#27;[39m &amp#27;[90m{}&amp#27;[39m
[debug] &amp#27;[35m[W3C (70648082)]&amp#27;[39m Calling AppiumDriver.getCurrentContext() with args: ["70648082-a0af-45ff-8f93-34ca43503e72"]
[debug] &amp#27;[35m[W3C (70648082)]&amp#27;[39m Responding to client with driver.getCurrentContext() result: "NATIVE_APP"
&amp#27;[35m[HTTP]&amp#27;[39m &amp#27;[37m<-- GET /wd/hub/session/70648082-a0af-45ff-8f93-34ca43503e72/context &amp#27;[39m&amp#27;[32m200&amp#27;[39m &amp#27;[90m2 ms - 22&amp#27;[39m
&amp#27;[35m[HTTP]&amp#27;[39m &amp#27;[90m&amp#27;[39m
&amp#27;[35m[HTTP]&amp#27;[39m &amp#27;[37m-->&amp#27;[39m &amp#27;[37mPOST&amp#27;[39m &amp#27;[37m/wd/hub/session/70648082-a0af-45ff-8f93-34ca43503e72/elements&amp#27;[39m
&amp#27;[35m[HTTP]&amp#27;[39m &amp#27;[90m{"using":"id","value":"flipboard.app:id/topic_picker_topic_row_topic_tag"}&amp#27;[39m
[debug] &amp#27;[35m[W3C (70648082)]&amp#27;[39m Calling AppiumDriver.findElements() with args: ["id","flipboard.app:id/topic_picker_topic_row_topic_tag","70648082-a0af-45ff-8f93-34ca43503e72"]
[debug] &amp#27;[35m[BaseDriver]&amp#27;[39m Valid locator strategies for this request: xpath, id, class name, accessibility id, css selector, -android uiautomator
[debug] &amp#27;[35m[BaseDriver]&amp#27;[39m Waiting up to 0 ms for condition
[debug] &amp#27;[35m[WD Proxy]&amp#27;[39m Matched '/elements' to command name 'findElements'
[debug] &amp#27;[35m[WD Proxy]&amp#27;[39m Proxying [POST /elements] to [POST http://127.0.0.1:8200/wd/hub/session/cb1beeb8-9daf-4255-b9f1-3a06ebad6be6/elements] with body: {"strategy":"id","selector":"flipboard.app:id/topic_picker_topic_row_topic_tag","context":"","multiple":true}
[debug] &amp#27;[35m[WD Proxy]&amp#27;[39m Got response with status 200: {"sessionId":"cb1beeb8-9daf-4255-b9f1-3a06ebad6be6","value":[{"ELEMENT":"990313bf-1615-4b30-be06-cb4fba73d94b","element-6066-11e4-a52e-4f735466cecf":"990313bf-1615-4b30-be06-cb4fba73d94b"},{"ELEMENT":"02ca153f-6d68-4eba-a312-fdd015342e34","element-6066-11e4-a52e-4f735466cecf":"02ca153f-6d68-4eba-a312-fdd015342e34"},{"ELEMENT":"e11fe5c9-b576-4467-9786-4d812387821e","element-6066-11e4-a52e-4f735466cecf":"e11fe5c9-b576-4467-9786-4d812387821e"},{"ELEMENT":"37b90c94-177a-419b-8683-2cf70b2cba53","element-6066-11e4-a52e-4f735466cecf":"37b90c94-177a-419b-8683-2cf70b2cba53"},{"ELEMENT":"ced14ca3-31cc-4878-aa55-6b4ea3d3d18f","element-6066-11e4-a52e-4f735466cecf":"ced14ca3-31cc-4878-aa55-6b4ea3d3d18f"},{"ELEMENT":"eb1ac2fb-52f3-4787-b29f-534ce43d64a2","element-6066-11e4-a52e-4f735466cecf":"eb1ac2fb-52f3-4787-b29f-534ce43d64a2"},{"ELEMENT":"1a609602-9838-4bc1-aecc-d0a307ceb120","element-6066-11e4-a52e-4f735466cecf":"1a609602-9838-4bc1-aecc-d0a307ceb120"},{"ELEMENT":"6bfbd6cc-598d-49b9-8992-a13d31085463","element-6066-...
[debug] &amp#27;[35m[W3C (70648082)]&amp#27;[39m Responding to client with driver.findElements() result: [{"element-6066-11e4-a52e-4f735466cecf":"990313bf-1615-4b30-be06-cb4fba73d94b","ELEMENT":"990313bf-1615-4b30-be06-cb4fba73d94b"},{"element-6066-11e4-a52e-4f735466cecf":"02ca153f-6d68-4eba-a312-fdd015342e34","ELEMENT":"02ca153f-6d68-4eba-a312-fdd015342e34"},{"element-6066-11e4-a52e-4f735466cecf":"e11fe5c9-b576-4467-9786-4d812387821e","ELEMENT":"e11fe5c9-b576-4467-9786-4d812387821e"},{"element-6066-11e4-a52e-4f735466cecf":"37b90c94-177a-419b-8683-2cf70b2cba53","ELEMENT":"37b90c94-177a-419b-8683-2cf70b2cba53"},{"element-6066-11e4-a52e-4f735466cecf":"ced14ca3-31cc-4878-aa55-6b4ea3d3d18f","ELEMENT":"ced14ca3-31cc-4878-aa55-6b4ea3d3d18f"},{"element-6066-11e4-a52e-4f735466cecf":"eb1ac2fb-52f3-4787-b29f-534ce43d64a2","ELEMENT":"eb1ac2fb-52f3-4787-b29f-534ce43d64a2"},{"element-6066-11e4-a52e-4f735466cecf":"1a609602-9838-4bc1-aecc-d0a307ceb120","ELEMENT":"1a609602-9838-4bc1-aecc-d0a307ceb120"},{"element-6066-11e4-a52e-4f735466cecf":"6bfbd6cc-598d-49b9-8992-a13d31085463","ELEMENT":"6bfbd6cc-598d-49b9-8992-a13d3108546...
&amp#27;[35m[HTTP]&amp#27;[39m &amp#27;[37m<-- POST /wd/hub/session/70648082-a0af-45ff-8f93-34ca43503e72/elements &amp#27;[39m&amp#27;[32m200&amp#27;[39m &amp#27;[90m1089 ms - 1931&amp#27;[39m
&amp#27;[35m[HTTP]&amp#27;[39m &amp#27;[90m&amp#27;[39m
&amp#27;[35m[HTTP]&amp#27;[39m &amp#27;[37m-->&amp#27;[39m &amp#27;[37mPOST&amp#27;[39m &amp#27;[37m/wd/hub/session/70648082-a0af-45ff-8f93-34ca43503e72/element/37b90c94-177a-419b-8683-2cf70b2cba53/click&amp#27;[39m
&amp#27;[35m[HTTP]&amp#27;[39m &amp#27;[90m{"id":"37b90c94-177a-419b-8683-2cf70b2cba53"}&amp#27;[39m
[debug] &amp#27;[35m[W3C (70648082)]&amp#27;[39m Calling AppiumDriver.click() with args: ["37b90c94-177a-419b-8683-2cf70b2cba53","70648082-a0af-45ff-8f93-34ca43503e72"]
[debug] &amp#27;[35m[WD Proxy]&amp#27;[39m Matched '/element/37b90c94-177a-419b-8683-2cf70b2cba53/click' to command name 'click'
[debug] &amp#27;[35m[WD Proxy]&amp#27;[39m Proxying [POST /element/37b90c94-177a-419b-8683-2cf70b2cba53/click] to [POST http://127.0.0.1:8200/wd/hub/session/cb1beeb8-9daf-4255-b9f1-3a06ebad6be6/element/37b90c94-177a-419b-8683-2cf70b2cba53/click] with body: {"element":"37b90c94-177a-419b-8683-2cf70b2cba53"}
[debug] &amp#27;[35m[WD Proxy]&amp#27;[39m Got response with status 200: {"sessionId":"cb1beeb8-9daf-4255-b9f1-3a06ebad6be6","value":null}
[debug] &amp#27;[35m[W3C (70648082)]&amp#27;[39m Responding to client with driver.click() result: null
&amp#27;[35m[HTTP]&amp#27;[39m &amp#27;[37m<-- POST /wd/hub/session/70648082-a0af-45ff-8f93-34ca43503e72/element/37b90c94-177a-419b-8683-2cf70b2cba53/click &amp#27;[39m&amp#27;[32m200&amp#27;[39m &amp#27;[90m36 ms - 14&amp#27;[39m
&amp#27;[35m[HTTP]&amp#27;[39m &amp#27;[90m&amp#27;[39m
&amp#27;[35m[HTTP]&amp#27;[39m &amp#27;[37m-->&amp#27;[39m &amp#27;[37mGET&amp#27;[39m &amp#27;[37m/wd/hub/session/70648082-a0af-45ff-8f93-34ca43503e72/context&amp#27;[39m
&amp#27;[35m[HTTP]&amp#27;[39m &amp#27;[90m{}&amp#27;[39m
[debug] &amp#27;[35m[W3C (70648082)]&amp#27;[39m Calling AppiumDriver.getCurrentContext() with args: ["70648082-a0af-45ff-8f93-34ca43503e72"]
[debug] &amp#27;[35m[W3C (70648082)]&amp#27;[39m Responding to client with driver.getCurrentContext() result: "NATIVE_APP"
&amp#27;[35m[HTTP]&amp#27;[39m &amp#27;[37m<-- GET /wd/hub/session/70648082-a0af-45ff-8f93-34ca43503e72/context &amp#27;[39m&amp#27;[32m200&amp#27;[39m &amp#27;[90m1 ms - 22&amp#27;[39m
&amp#27;[35m[HTTP]&amp#27;[39m &amp#27;[90m&amp#27;[39m
&amp#27;[35m[HTTP]&amp#27;[39m &amp#27;[37m-->&amp#27;[39m &amp#27;[37mPOST&amp#27;[39m &amp#27;[37m/wd/hub/session/70648082-a0af-45ff-8f93-34ca43503e72/element&amp#27;[39m
&amp#27;[35m[HTTP]&amp#27;[39m &amp#27;[90m{"using":"id","value":"flipboard.app:id/topic_picker_continue_button"}&amp#27;[39m
[debug] &amp#27;[35m[W3C (70648082)]&amp#27;[39m Calling AppiumDriver.findElement() with args: ["id","flipboard.app:id/topic_picker_continue_button","70648082-a0af-45ff-8f93-34ca43503e72"]
[debug] &amp#27;[35m[BaseDriver]&amp#27;[39m Valid locator strategies for this request: xpath, id, class name, accessibility id, css selector, -android uiautomator
[debug] &amp#27;[35m[BaseDriver]&amp#27;[39m Waiting up to 0 ms for condition
[debug] &amp#27;[35m[WD Proxy]&amp#27;[39m Matched '/element' to command name 'findElement'
[debug] &amp#27;[35m[WD Proxy]&amp#27;[39m Proxying [POST /element] to [POST http://127.0.0.1:8200/wd/hub/session/cb1beeb8-9daf-4255-b9f1-3a06ebad6be6/element] with body: {"strategy":"id","selector":"flipboard.app:id/topic_picker_continue_button","context":"","multiple":false}
[debug] &amp#27;[35m[WD Proxy]&amp#27;[39m Got response with status 200: {"sessionId":"cb1beeb8-9daf-4255-b9f1-3a06ebad6be6","value":{"ELEMENT":"0f1da4c7-670e-4d25-bff4-172b82f5ec83","element-6066-11e4-a52e-4f735466cecf":"0f1da4c7-670e-4d25-bff4-172b82f5ec83"}}
[debug] &amp#27;[35m[W3C (70648082)]&amp#27;[39m Responding to client with driver.findElement() result: {"element-6066-11e4-a52e-4f735466cecf":"0f1da4c7-670e-4d25-bff4-172b82f5ec83","ELEMENT":"0f1da4c7-670e-4d25-bff4-172b82f5ec83"}
&amp#27;[35m[HTTP]&amp#27;[39m &amp#27;[37m<-- POST /wd/hub/session/70648082-a0af-45ff-8f93-34ca43503e72/element &amp#27;[39m&amp#27;[32m200&amp#27;[39m &amp#27;[90m545 ms - 137&amp#27;[39m
&amp#27;[35m[HTTP]&amp#27;[39m &amp#27;[90m&amp#27;[39m
&amp#27;[35m[HTTP]&amp#27;[39m &amp#27;[37m-->&amp#27;[39m &amp#27;[37mPOST&amp#27;[39m &amp#27;[37m/wd/hub/session/70648082-a0af-45ff-8f93-34ca43503e72/element/0f1da4c7-670e-4d25-bff4-172b82f5ec83/click&amp#27;[39m
&amp#27;[35m[HTTP]&amp#27;[39m &amp#27;[90m{"id":"0f1da4c7-670e-4d25-bff4-172b82f5ec83"}&amp#27;[39m
[debug] &amp#27;[35m[W3C (70648082)]&amp#27;[39m Calling AppiumDriver.click() with args: ["0f1da4c7-670e-4d25-bff4-172b82f5ec83","70648082-a0af-45ff-8f93-34ca43503e72"]
[debug] &amp#27;[35m[WD Proxy]&amp#27;[39m Matched '/element/0f1da4c7-670e-4d25-bff4-172b82f5ec83/click' to command name 'click'
[debug] &amp#27;[35m[WD Proxy]&amp#27;[39m Proxying [POST /element/0f1da4c7-670e-4d25-bff4-172b82f5ec83/click] to [POST http://127.0.0.1:8200/wd/hub/session/cb1beeb8-9daf-4255-b9f1-3a06ebad6be6/element/0f1da4c7-670e-4d25-bff4-172b82f5ec83/click] with body: {"element":"0f1da4c7-670e-4d25-bff4-172b82f5ec83"}
[debug] &amp#27;[35m[WD Proxy]&amp#27;[39m Got response with status 200: {"sessionId":"cb1beeb8-9daf-4255-b9f1-3a06ebad6be6","value":null}
[debug] &amp#27;[35m[W3C (70648082)]&amp#27;[39m Responding to client with driver.click() result: null
&amp#27;[35m[HTTP]&amp#27;[39m &amp#27;[37m<-- POST /wd/hub/session/70648082-a0af-45ff-8f93-34ca43503e72/element/0f1da4c7-670e-4d25-bff4-172b82f5ec83/click &amp#27;[39m&amp#27;[32m200&amp#27;[39m &amp#27;[90m42 ms - 14&amp#27;[39m
&amp#27;[35m[HTTP]&amp#27;[39m &amp#27;[90m&amp#27;[39m
&amp#27;[35m[HTTP]&amp#27;[39m &amp#27;[37m-->&amp#27;[39m &amp#27;[37mGET&amp#27;[39m &amp#27;[37m/wd/hub/session/70648082-a0af-45ff-8f93-34ca43503e72/context&amp#27;[39m
&amp#27;[35m[HTTP]&amp#27;[39m &amp#27;[90m{}&amp#27;[39m
[debug] &amp#27;[35m[W3C (70648082)]&amp#27;[39m Calling AppiumDriver.getCurrentContext() with args: ["70648082-a0af-45ff-8f93-34ca43503e72"]
[debug] &amp#27;[35m[W3C (70648082)]&amp#27;[39m Responding to client with driver.getCurrentContext() result: "NATIVE_APP"
&amp#27;[35m[HTTP]&amp#27;[39m &amp#27;[37m<-- GET /wd/hub/session/70648082-a0af-45ff-8f93-34ca43503e72/context &amp#27;[39m&amp#27;[32m200&amp#27;[39m &amp#27;[90m1 ms - 22&amp#27;[39m
&amp#27;[35m[HTTP]&amp#27;[39m &amp#27;[90m&amp#27;[39m
&amp#27;[35m[HTTP]&amp#27;[39m &amp#27;[37m-->&amp#27;[39m &amp#27;[37mPOST&amp#27;[39m &amp#27;[37m/wd/hub/session/70648082-a0af-45ff-8f93-34ca43503e72/element&amp#27;[39m
&amp#27;[35m[HTTP]&amp#27;[39m &amp#27;[90m{"using":"id","value":"flipboard.app:id/icon_button_text"}&amp#27;[39m
[debug] &amp#27;[35m[W3C (70648082)]&amp#27;[39m Calling AppiumDriver.findElement() with args: ["id","flipboard.app:id/icon_button_text","70648082-a0af-45ff-8f93-34ca43503e72"]
[debug] &amp#27;[35m[BaseDriver]&amp#27;[39m Valid locator strategies for this request: xpath, id, class name, accessibility id, css selector, -android uiautomator
[debug] &amp#27;[35m[BaseDriver]&amp#27;[39m Waiting up to 0 ms for condition
[debug] &amp#27;[35m[WD Proxy]&amp#27;[39m Matched '/element' to command name 'findElement'
[debug] &amp#27;[35m[WD Proxy]&amp#27;[39m Proxying [POST /element] to [POST http://127.0.0.1:8200/wd/hub/session/cb1beeb8-9daf-4255-b9f1-3a06ebad6be6/element] with body: {"strategy":"id","selector":"flipboard.app:id/icon_button_text","context":"","multiple":false}
[debug] &amp#27;[35m[WD Proxy]&amp#27;[39m Got response with status 200: {"sessionId":"cb1beeb8-9daf-4255-b9f1-3a06ebad6be6","value":{"ELEMENT":"5dc4c538-0a80-42d6-84b7-568a5bf32fee","element-6066-11e4-a52e-4f735466cecf":"5dc4c538-0a80-42d6-84b7-568a5bf32fee"}}
[debug] &amp#27;[35m[W3C (70648082)]&amp#27;[39m Responding to client with driver.findElement() result: {"element-6066-11e4-a52e-4f735466cecf":"5dc4c538-0a80-42d6-84b7-568a5bf32fee","ELEMENT":"5dc4c538-0a80-42d6-84b7-568a5bf32fee"}
&amp#27;[35m[HTTP]&amp#27;[39m &amp#27;[37m<-- POST /wd/hub/session/70648082-a0af-45ff-8f93-34ca43503e72/element &amp#27;[39m&amp#27;[32m200&amp#27;[39m &amp#27;[90m16 ms - 137&amp#27;[39m
&amp#27;[35m[HTTP]&amp#27;[39m &amp#27;[90m&amp#27;[39m
&amp#27;[35m[HTTP]&amp#27;[39m &amp#27;[37m-->&amp#27;[39m &amp#27;[37mPOST&amp#27;[39m &amp#27;[37m/wd/hub/session/70648082-a0af-45ff-8f93-34ca43503e72/element/5dc4c538-0a80-42d6-84b7-568a5bf32fee/click&amp#27;[39m
&amp#27;[35m[HTTP]&amp#27;[39m &amp#27;[90m{"id":"5dc4c538-0a80-42d6-84b7-568a5bf32fee"}&amp#27;[39m
[debug] &amp#27;[35m[W3C (70648082)]&amp#27;[39m Calling AppiumDriver.click() with args: ["5dc4c538-0a80-42d6-84b7-568a5bf32fee","70648082-a0af-45ff-8f93-34ca43503e72"]
[debug] &amp#27;[35m[WD Proxy]&amp#27;[39m Matched '/element/5dc4c538-0a80-42d6-84b7-568a5bf32fee/click' to command name 'click'
[debug] &amp#27;[35m[WD Proxy]&amp#27;[39m Proxying [POST /element/5dc4c538-0a80-42d6-84b7-568a5bf32fee/click] to [POST http://127.0.0.1:8200/wd/hub/session/cb1beeb8-9daf-4255-b9f1-3a06ebad6be6/element/5dc4c538-0a80-42d6-84b7-568a5bf32fee/click] with body: {"element":"5dc4c538-0a80-42d6-84b7-568a5bf32fee"}
[debug] &amp#27;[35m[WD Proxy]&amp#27;[39m Got response with status 200: {"sessionId":"cb1beeb8-9daf-4255-b9f1-3a06ebad6be6","value":null}
[debug] &amp#27;[35m[W3C (70648082)]&amp#27;[39m Responding to client with driver.click() result: null
&amp#27;[35m[HTTP]&amp#27;[39m &amp#27;[37m<-- POST /wd/hub/session/70648082-a0af-45ff-8f93-34ca43503e72/element/5dc4c538-0a80-42d6-84b7-568a5bf32fee/click &amp#27;[39m&amp#27;[32m200&amp#27;[39m &amp#27;[90m44 ms - 14&amp#27;[39m
&amp#27;[35m[HTTP]&amp#27;[39m &amp#27;[90m&amp#27;[39m
]]></system-out>
  </testcase>
  <testcase name="validateSkipLogin" classname="com.sohel.mobile.automation.testcases.FlipboardLoginTest" time="10.492">
    <system-out><![CDATA[&amp#27;[35m[HTTP]&amp#27;[39m &amp#27;[37m-->&amp#27;[39m &amp#27;[37mGET&amp#27;[39m &amp#27;[37m/wd/hub/session/70648082-a0af-45ff-8f93-34ca43503e72/context&amp#27;[39m
&amp#27;[35m[HTTP]&amp#27;[39m &amp#27;[90m{}&amp#27;[39m
[debug] &amp#27;[35m[W3C (70648082)]&amp#27;[39m Calling AppiumDriver.getCurrentContext() with args: ["70648082-a0af-45ff-8f93-34ca43503e72"]
[debug] &amp#27;[35m[W3C (70648082)]&amp#27;[39m Responding to client with driver.getCurrentContext() result: "NATIVE_APP"
&amp#27;[35m[HTTP]&amp#27;[39m &amp#27;[37m<-- GET /wd/hub/session/70648082-a0af-45ff-8f93-34ca43503e72/context &amp#27;[39m&amp#27;[32m200&amp#27;[39m &amp#27;[90m2 ms - 22&amp#27;[39m
&amp#27;[35m[HTTP]&amp#27;[39m &amp#27;[90m&amp#27;[39m
&amp#27;[35m[HTTP]&amp#27;[39m &amp#27;[37m-->&amp#27;[39m &amp#27;[37mPOST&amp#27;[39m &amp#27;[37m/wd/hub/session/70648082-a0af-45ff-8f93-34ca43503e72/element&amp#27;[39m
&amp#27;[35m[HTTP]&amp#27;[39m &amp#27;[90m{"using":"id","value":"flipboard.app:id/account_login_buttons_skip"}&amp#27;[39m
[debug] &amp#27;[35m[W3C (70648082)]&amp#27;[39m Calling AppiumDriver.findElement() with args: ["id","flipboard.app:id/account_login_buttons_skip","70648082-a0af-45ff-8f93-34ca43503e72"]
[debug] &amp#27;[35m[BaseDriver]&amp#27;[39m Valid locator strategies for this request: xpath, id, class name, accessibility id, css selector, -android uiautomator
[debug] &amp#27;[35m[BaseDriver]&amp#27;[39m Waiting up to 0 ms for condition
[debug] &amp#27;[35m[WD Proxy]&amp#27;[39m Matched '/element' to command name 'findElement'
[debug] &amp#27;[35m[WD Proxy]&amp#27;[39m Proxying [POST /element] to [POST http://127.0.0.1:8200/wd/hub/session/cb1beeb8-9daf-4255-b9f1-3a06ebad6be6/element] with body: {"strategy":"id","selector":"flipboard.app:id/account_login_buttons_skip","context":"","multiple":false}
&amp#27;[35m[WD Proxy]&amp#27;[39m Got response with status 404: {"sessionId":"cb1beeb8-9daf-4255-b9f1-3a06ebad6be6","value":{"error":"no such element","message":"An element could not be located on the page using the given search parameters","stacktrace":"io.appium.uiautomator2.common.exceptions.ElementNotFoundException: An element could not be located on the page using the given search parameters\n\tat io.appium.uiautomator2.handler.FindElement.safeHandle(FindElement.java:73)\n\tat io.appium.uiautomator2.handler.request.SafeRequestHandler.handle(SafeRequestHandler.java:41)\n\tat io.appium.uiautomator2.server.AppiumServlet.handleRequest(AppiumServlet.java:261)\n\tat io.appium.uiautomator2.server.AppiumServlet.handleHttpRequest(AppiumServlet.java:255)\n\tat io.appium.uiautomator2.http.ServerHandler.channelRead(ServerHandler.java:68)\n\tat io.netty.channel.AbstractChannelHandlerContext.invokeChannelRead(AbstractChannelHandlerContext.java:366)\n\tat io.netty.channel.AbstractChannelHandlerContext.invokeChannelRead(AbstractChannelHandlerContext.java:352)\n\tat io.netty.chann...
[debug] &amp#27;[35m[W3C]&amp#27;[39m Matched W3C error code 'no such element' to NoSuchElementError
[debug] &amp#27;[35m[W3C (70648082)]&amp#27;[39m Encountered internal error running command: NoSuchElementError: An element could not be located on the page using the given search parameters.
[debug] &amp#27;[35m[W3C (70648082)]&amp#27;[39m     at AndroidUiautomator2Driver.findElOrEls (C:\Program Files\Appium\resources\app\node_modules\appium\node_modules\appium-android-driver\lib\commands\find.js:75:11)
[debug] &amp#27;[35m[W3C (70648082)]&amp#27;[39m     at processTicksAndRejections (node:internal/process/task_queues:95:5)
[debug] &amp#27;[35m[W3C (70648082)]&amp#27;[39m     at AndroidUiautomator2Driver.findElOrElsWithProcessing (C:\Program Files\Appium\resources\app\node_modules\appium\node_modules\appium-base-driver\lib\basedriver\commands\find.js:33:12)
[debug] &amp#27;[35m[W3C (70648082)]&amp#27;[39m     at AndroidUiautomator2Driver.findElement (C:\Program Files\Appium\resources\app\node_modules\appium\node_modules\appium-base-driver\lib\basedriver\commands\find.js:53:10)
&amp#27;[35m[HTTP]&amp#27;[39m &amp#27;[37m<-- POST /wd/hub/session/70648082-a0af-45ff-8f93-34ca43503e72/element &amp#27;[39m&amp#27;[33m404&amp#27;[39m &amp#27;[90m63 ms - 886&amp#27;[39m
&amp#27;[35m[HTTP]&amp#27;[39m &amp#27;[90m&amp#27;[39m
&amp#27;[35m[HTTP]&amp#27;[39m &amp#27;[37m-->&amp#27;[39m &amp#27;[37mPOST&amp#27;[39m &amp#27;[37m/wd/hub/session/70648082-a0af-45ff-8f93-34ca43503e72/element&amp#27;[39m
&amp#27;[35m[HTTP]&amp#27;[39m &amp#27;[90m{"using":"id","value":"flipboard.app:id/account_login_buttons_skip"}&amp#27;[39m
[debug] &amp#27;[35m[W3C (70648082)]&amp#27;[39m Calling AppiumDriver.findElement() with args: ["id","flipboard.app:id/account_login_buttons_skip","70648082-a0af-45ff-8f93-34ca43503e72"]
[debug] &amp#27;[35m[BaseDriver]&amp#27;[39m Valid locator strategies for this request: xpath, id, class name, accessibility id, css selector, -android uiautomator
[debug] &amp#27;[35m[BaseDriver]&amp#27;[39m Waiting up to 0 ms for condition
[debug] &amp#27;[35m[WD Proxy]&amp#27;[39m Matched '/element' to command name 'findElement'
[debug] &amp#27;[35m[WD Proxy]&amp#27;[39m Proxying [POST /element] to [POST http://127.0.0.1:8200/wd/hub/session/cb1beeb8-9daf-4255-b9f1-3a06ebad6be6/element] with body: {"strategy":"id","selector":"flipboard.app:id/account_login_buttons_skip","context":"","multiple":false}
[debug] &amp#27;[35m[WD Proxy]&amp#27;[39m Got response with status 200: {"sessionId":"cb1beeb8-9daf-4255-b9f1-3a06ebad6be6","value":{"ELEMENT":"b4b82f0e-b005-4efd-8102-fc92e35cec5b","element-6066-11e4-a52e-4f735466cecf":"b4b82f0e-b005-4efd-8102-fc92e35cec5b"}}
[debug] &amp#27;[35m[W3C (70648082)]&amp#27;[39m Responding to client with driver.findElement() result: {"element-6066-11e4-a52e-4f735466cecf":"b4b82f0e-b005-4efd-8102-fc92e35cec5b","ELEMENT":"b4b82f0e-b005-4efd-8102-fc92e35cec5b"}
&amp#27;[35m[HTTP]&amp#27;[39m &amp#27;[37m<-- POST /wd/hub/session/70648082-a0af-45ff-8f93-34ca43503e72/element &amp#27;[39m&amp#27;[32m200&amp#27;[39m &amp#27;[90m286 ms - 137&amp#27;[39m
&amp#27;[35m[HTTP]&amp#27;[39m &amp#27;[90m&amp#27;[39m
&amp#27;[35m[HTTP]&amp#27;[39m &amp#27;[37m-->&amp#27;[39m &amp#27;[37mPOST&amp#27;[39m &amp#27;[37m/wd/hub/session/70648082-a0af-45ff-8f93-34ca43503e72/element/b4b82f0e-b005-4efd-8102-fc92e35cec5b/click&amp#27;[39m
&amp#27;[35m[HTTP]&amp#27;[39m &amp#27;[90m{"id":"b4b82f0e-b005-4efd-8102-fc92e35cec5b"}&amp#27;[39m
[debug] &amp#27;[35m[W3C (70648082)]&amp#27;[39m Calling AppiumDriver.click() with args: ["b4b82f0e-b005-4efd-8102-fc92e35cec5b","70648082-a0af-45ff-8f93-34ca43503e72"]
[debug] &amp#27;[35m[WD Proxy]&amp#27;[39m Matched '/element/b4b82f0e-b005-4efd-8102-fc92e35cec5b/click' to command name 'click'
[debug] &amp#27;[35m[WD Proxy]&amp#27;[39m Proxying [POST /element/b4b82f0e-b005-4efd-8102-fc92e35cec5b/click] to [POST http://127.0.0.1:8200/wd/hub/session/cb1beeb8-9daf-4255-b9f1-3a06ebad6be6/element/b4b82f0e-b005-4efd-8102-fc92e35cec5b/click] with body: {"element":"b4b82f0e-b005-4efd-8102-fc92e35cec5b"}
[debug] &amp#27;[35m[WD Proxy]&amp#27;[39m Got response with status 200: {"sessionId":"cb1beeb8-9daf-4255-b9f1-3a06ebad6be6","value":null}
[debug] &amp#27;[35m[W3C (70648082)]&amp#27;[39m Responding to client with driver.click() result: null
&amp#27;[35m[HTTP]&amp#27;[39m &amp#27;[37m<-- POST /wd/hub/session/70648082-a0af-45ff-8f93-34ca43503e72/element/b4b82f0e-b005-4efd-8102-fc92e35cec5b/click &amp#27;[39m&amp#27;[32m200&amp#27;[39m &amp#27;[90m45 ms - 14&amp#27;[39m
&amp#27;[35m[HTTP]&amp#27;[39m &amp#27;[90m&amp#27;[39m
&amp#27;[35m[HTTP]&amp#27;[39m &amp#27;[37m-->&amp#27;[39m &amp#27;[37mGET&amp#27;[39m &amp#27;[37m/wd/hub/session/70648082-a0af-45ff-8f93-34ca43503e72/window/rect&amp#27;[39m
&amp#27;[35m[HTTP]&amp#27;[39m &amp#27;[90m{}&amp#27;[39m
[debug] &amp#27;[35m[W3C (70648082)]&amp#27;[39m Calling AppiumDriver.getWindowRect() with args: ["70648082-a0af-45ff-8f93-34ca43503e72"]
[debug] &amp#27;[35m[WD Proxy]&amp#27;[39m Matched '/window/current/size' to command name 'getWindowSize'
[debug] &amp#27;[35m[WD Proxy]&amp#27;[39m Proxying [GET /window/current/size] to [GET http://127.0.0.1:8200/wd/hub/session/cb1beeb8-9daf-4255-b9f1-3a06ebad6be6/window/current/size] with no body
[debug] &amp#27;[35m[WD Proxy]&amp#27;[39m Got response with status 200: {"sessionId":"cb1beeb8-9daf-4255-b9f1-3a06ebad6be6","value":{"height":1248,"width":768}}
[debug] &amp#27;[35m[W3C (70648082)]&amp#27;[39m Responding to client with driver.getWindowRect() result: {"width":768,"height":1248,"x":0,"y":0}
&amp#27;[35m[HTTP]&amp#27;[39m &amp#27;[37m<-- GET /wd/hub/session/70648082-a0af-45ff-8f93-34ca43503e72/window/rect &amp#27;[39m&amp#27;[32m200&amp#27;[39m &amp#27;[90m12 ms - 49&amp#27;[39m
&amp#27;[35m[HTTP]&amp#27;[39m &amp#27;[90m&amp#27;[39m
&amp#27;[35m[HTTP]&amp#27;[39m &amp#27;[37m-->&amp#27;[39m &amp#27;[37mPOST&amp#27;[39m &amp#27;[37m/wd/hub/session/70648082-a0af-45ff-8f93-34ca43503e72/touch/perform&amp#27;[39m
&amp#27;[35m[HTTP]&amp#27;[39m &amp#27;[90m{"actions":[{"action":"press","options":{"x":365,"y":998}},{"action":"wait","options":{"ms":2000}},{"action":"moveTo","options":{"x":365,"y":262}},{"action":"release","options":{}}]}&amp#27;[39m
[debug] &amp#27;[35m[W3C (70648082)]&amp#27;[39m Calling AppiumDriver.performTouch() with args: [[{"action":"press","options":{"x":365,"y":998}},{"action":"wait","options":{"ms":2000}},{"action":"moveTo","options":{"x":365,"y":262}},{"action":"release","options":{}}],"70648082-a0af-45ff-8f93-34ca43503e72"]
[debug] &amp#27;[35m[WD Proxy]&amp#27;[39m Matched '/touch/perform' to command name 'performTouch'
[debug] &amp#27;[35m[WD Proxy]&amp#27;[39m Proxying [POST /touch/perform] to [POST http://127.0.0.1:8200/wd/hub/session/cb1beeb8-9daf-4255-b9f1-3a06ebad6be6/touch/perform] with body: {"startX":365,"startY":998,"endX":365,"endY":262,"steps":56}
[debug] &amp#27;[35m[WD Proxy]&amp#27;[39m Got response with status 200: {"sessionId":"cb1beeb8-9daf-4255-b9f1-3a06ebad6be6","value":null}
[debug] &amp#27;[35m[W3C (70648082)]&amp#27;[39m Responding to client with driver.performTouch() result: null
&amp#27;[35m[HTTP]&amp#27;[39m &amp#27;[37m<-- POST /wd/hub/session/70648082-a0af-45ff-8f93-34ca43503e72/touch/perform &amp#27;[39m&amp#27;[32m200&amp#27;[39m &amp#27;[90m1932 ms - 14&amp#27;[39m
&amp#27;[35m[HTTP]&amp#27;[39m &amp#27;[90m&amp#27;[39m
&amp#27;[35m[HTTP]&amp#27;[39m &amp#27;[37m-->&amp#27;[39m &amp#27;[37mPOST&amp#27;[39m &amp#27;[37m/wd/hub/session/70648082-a0af-45ff-8f93-34ca43503e72/touch/perform&amp#27;[39m
&amp#27;[35m[HTTP]&amp#27;[39m &amp#27;[90m{"actions":[{"action":"press","options":{"x":365,"y":998}},{"action":"wait","options":{"ms":2000}},{"action":"moveTo","options":{"x":365,"y":262}},{"action":"release","options":{}}]}&amp#27;[39m
[debug] &amp#27;[35m[W3C (70648082)]&amp#27;[39m Calling AppiumDriver.performTouch() with args: [[{"action":"press","options":{"x":365,"y":998}},{"action":"wait","options":{"ms":2000}},{"action":"moveTo","options":{"x":365,"y":262}},{"action":"release","options":{}}],"70648082-a0af-45ff-8f93-34ca43503e72"]
[debug] &amp#27;[35m[WD Proxy]&amp#27;[39m Matched '/touch/perform' to command name 'performTouch'
[debug] &amp#27;[35m[WD Proxy]&amp#27;[39m Proxying [POST /touch/perform] to [POST http://127.0.0.1:8200/wd/hub/session/cb1beeb8-9daf-4255-b9f1-3a06ebad6be6/touch/perform] with body: {"startX":365,"startY":998,"endX":365,"endY":262,"steps":56}
[debug] &amp#27;[35m[WD Proxy]&amp#27;[39m Got response with status 200: {"sessionId":"cb1beeb8-9daf-4255-b9f1-3a06ebad6be6","value":null}
[debug] &amp#27;[35m[W3C (70648082)]&amp#27;[39m Responding to client with driver.performTouch() result: null
&amp#27;[35m[HTTP]&amp#27;[39m &amp#27;[37m<-- POST /wd/hub/session/70648082-a0af-45ff-8f93-34ca43503e72/touch/perform &amp#27;[39m&amp#27;[32m200&amp#27;[39m &amp#27;[90m1816 ms - 14&amp#27;[39m
&amp#27;[35m[HTTP]&amp#27;[39m &amp#27;[90m&amp#27;[39m
&amp#27;[35m[HTTP]&amp#27;[39m &amp#27;[37m-->&amp#27;[39m &amp#27;[37mPOST&amp#27;[39m &amp#27;[37m/wd/hub/session/70648082-a0af-45ff-8f93-34ca43503e72/touch/perform&amp#27;[39m
&amp#27;[35m[HTTP]&amp#27;[39m &amp#27;[90m{"actions":[{"action":"press","options":{"x":365,"y":998}},{"action":"wait","options":{"ms":2000}},{"action":"moveTo","options":{"x":365,"y":262}},{"action":"release","options":{}}]}&amp#27;[39m
[debug] &amp#27;[35m[W3C (70648082)]&amp#27;[39m Calling AppiumDriver.performTouch() with args: [[{"action":"press","options":{"x":365,"y":998}},{"action":"wait","options":{"ms":2000}},{"action":"moveTo","options":{"x":365,"y":262}},{"action":"release","options":{}}],"70648082-a0af-45ff-8f93-34ca43503e72"]
[debug] &amp#27;[35m[WD Proxy]&amp#27;[39m Matched '/touch/perform' to command name 'performTouch'
[debug] &amp#27;[35m[WD Proxy]&amp#27;[39m Proxying [POST /touch/perform] to [POST http://127.0.0.1:8200/wd/hub/session/cb1beeb8-9daf-4255-b9f1-3a06ebad6be6/touch/perform] with body: {"startX":365,"startY":998,"endX":365,"endY":262,"steps":56}
[debug] &amp#27;[35m[WD Proxy]&amp#27;[39m Got response with status 200: {"sessionId":"cb1beeb8-9daf-4255-b9f1-3a06ebad6be6","value":null}
[debug] &amp#27;[35m[W3C (70648082)]&amp#27;[39m Responding to client with driver.performTouch() result: null
&amp#27;[35m[HTTP]&amp#27;[39m &amp#27;[37m<-- POST /wd/hub/session/70648082-a0af-45ff-8f93-34ca43503e72/touch/perform &amp#27;[39m&amp#27;[32m200&amp#27;[39m &amp#27;[90m1739 ms - 14&amp#27;[39m
&amp#27;[35m[HTTP]&amp#27;[39m &amp#27;[90m&amp#27;[39m
]]></system-out>
  </testcase>
</testsuite>